Sat, 02 Sep 2023 22:24:40 data_preprocess_all.py[line:193] INFO CONFIG:
tmp_dir: ../datasets/tmp
log_dir: ../datasets/log
output_dir: ../datasets
phases_to_perform: [1, 2, 3, 4, 5, 6]
lost_chunks: []
data_has_header: False
max_smiles_len: 100
max_mz: 499
max_peaks: 200
seq_len: 200
log_base: 1.7
spectra_generator: neims
source_token: <neims>
train_split_ratio: 0.9
valid_split_ratio: 0.05
test_split_ratio: 0.05
tokenizer_path: ../../tokenizer/bbpe_tokenizer/bart_bbpe_1M_tokenizer.model
neims_dir: ../../../NEIMS
seed: 42

Sat, 02 Sep 2023 22:24:40 data_preprocess_all.py[line:197] INFO PARAMETERS:
dataset_id = 30M_rassp
smiles_path = ../datasets/30M_rassp/30M_rassp.smi
num_workers = 32
config_file = config_preprocess_NEIMS.yaml
Sat, 02 Sep 2023 22:24:40 data_preprocess_all.py[line:200] INFO READING CSV
Sat, 02 Sep 2023 22:24:55 data_preprocess_all.py[line:205] INFO READING DONE
Sat, 02 Sep 2023 22:24:55 data_preprocess_all.py[line:214] INFO SETTING PROCESES IDS BY DEFAULT TO: [0, 1, 2, 3, 4, 5, 6, 7, 8, 9, 10, 11, 12, 13, 14, 15, 16, 17, 18, 19, 20, 21, 22, 23, 24, 25, 26, 27, 28, 29, 30, 31]
Sat, 02 Sep 2023 22:24:55 data_preprocess_all.py[line:221] INFO SETTING MULTIPROCESSING with 32 workers
Sat, 02 Sep 2023 22:24:55 data_preprocess_all.py[line:238] INFO RUNNING
Sat, 02 Sep 2023 22:24:55 data_preprocess_all.py[line:134] INFO ##### PHASE 1 process:0 #####
Sat, 02 Sep 2023 22:24:55 data_preprocess_all.py[line:134] DEBUG ##### CANONICALIZATION process:0 #####
Sat, 02 Sep 2023 22:24:55 data_preprocess_all.py[line:134] INFO ##### PHASE 1 process:1 #####
Sat, 02 Sep 2023 22:24:55 data_preprocess_all.py[line:134] DEBUG ##### CANONICALIZATION process:1 #####
Sat, 02 Sep 2023 22:24:55 data_preprocess_all.py[line:134] INFO ##### PHASE 1 process:2 #####
Sat, 02 Sep 2023 22:24:55 data_preprocess_all.py[line:134] DEBUG ##### CANONICALIZATION process:2 #####
Sat, 02 Sep 2023 22:24:55 data_preprocess_all.py[line:134] INFO ##### PHASE 1 process:3 #####
Sat, 02 Sep 2023 22:24:55 data_preprocess_all.py[line:134] DEBUG ##### CANONICALIZATION process:3 #####
Sat, 02 Sep 2023 22:24:55 data_preprocess_all.py[line:134] INFO ##### PHASE 1 process:4 #####
Sat, 02 Sep 2023 22:24:55 data_preprocess_all.py[line:134] DEBUG ##### CANONICALIZATION process:4 #####
Sat, 02 Sep 2023 22:24:55 data_preprocess_all.py[line:134] INFO ##### PHASE 1 process:5 #####
Sat, 02 Sep 2023 22:24:55 data_preprocess_all.py[line:134] DEBUG ##### CANONICALIZATION process:5 #####
Sat, 02 Sep 2023 22:24:55 data_preprocess_all.py[line:134] INFO ##### PHASE 1 process:6 #####
Sat, 02 Sep 2023 22:24:55 data_preprocess_all.py[line:134] DEBUG ##### CANONICALIZATION process:6 #####
Sat, 02 Sep 2023 22:24:55 data_preprocess_all.py[line:134] INFO ##### PHASE 1 process:7 #####
Sat, 02 Sep 2023 22:24:55 data_preprocess_all.py[line:134] DEBUG ##### CANONICALIZATION process:7 #####
Sat, 02 Sep 2023 22:24:55 data_preprocess_all.py[line:134] INFO ##### PHASE 1 process:8 #####
Sat, 02 Sep 2023 22:24:55 data_preprocess_all.py[line:134] DEBUG ##### CANONICALIZATION process:8 #####
Sat, 02 Sep 2023 22:24:55 data_preprocess_all.py[line:134] INFO ##### PHASE 1 process:9 #####
Sat, 02 Sep 2023 22:24:55 data_preprocess_all.py[line:134] DEBUG ##### CANONICALIZATION process:9 #####
Sat, 02 Sep 2023 22:24:55 data_preprocess_all.py[line:134] INFO ##### PHASE 1 process:10 #####
Sat, 02 Sep 2023 22:24:55 data_preprocess_all.py[line:134] DEBUG ##### CANONICALIZATION process:10 #####
Sat, 02 Sep 2023 22:24:55 data_preprocess_all.py[line:134] INFO ##### PHASE 1 process:11 #####
Sat, 02 Sep 2023 22:24:55 data_preprocess_all.py[line:134] DEBUG ##### CANONICALIZATION process:11 #####
Sat, 02 Sep 2023 22:24:55 data_preprocess_all.py[line:134] INFO ##### PHASE 1 process:12 #####
Sat, 02 Sep 2023 22:24:55 data_preprocess_all.py[line:134] DEBUG ##### CANONICALIZATION process:12 #####
Sat, 02 Sep 2023 22:24:55 data_preprocess_all.py[line:134] INFO ##### PHASE 1 process:13 #####
Sat, 02 Sep 2023 22:24:55 data_preprocess_all.py[line:134] DEBUG ##### CANONICALIZATION process:13 #####
Sat, 02 Sep 2023 22:24:55 data_preprocess_all.py[line:134] INFO ##### PHASE 1 process:14 #####
Sat, 02 Sep 2023 22:24:55 data_preprocess_all.py[line:134] DEBUG ##### CANONICALIZATION process:14 #####
Sat, 02 Sep 2023 22:24:55 data_preprocess_all.py[line:134] INFO ##### PHASE 1 process:15 #####
Sat, 02 Sep 2023 22:24:55 data_preprocess_all.py[line:134] DEBUG ##### CANONICALIZATION process:15 #####
Sat, 02 Sep 2023 22:24:55 data_preprocess_all.py[line:134] INFO ##### PHASE 1 process:16 #####
Sat, 02 Sep 2023 22:24:55 data_preprocess_all.py[line:134] DEBUG ##### CANONICALIZATION process:16 #####
Sat, 02 Sep 2023 22:24:55 data_preprocess_all.py[line:134] INFO ##### PHASE 1 process:17 #####
Sat, 02 Sep 2023 22:24:55 data_preprocess_all.py[line:134] DEBUG ##### CANONICALIZATION process:17 #####
Sat, 02 Sep 2023 22:24:55 data_preprocess_all.py[line:134] INFO ##### PHASE 1 process:18 #####
Sat, 02 Sep 2023 22:24:55 data_preprocess_all.py[line:134] DEBUG ##### CANONICALIZATION process:18 #####
Sat, 02 Sep 2023 22:24:55 data_preprocess_all.py[line:134] INFO ##### PHASE 1 process:19 #####
Sat, 02 Sep 2023 22:24:55 data_preprocess_all.py[line:134] DEBUG ##### CANONICALIZATION process:19 #####
Sat, 02 Sep 2023 22:24:55 data_preprocess_all.py[line:134] INFO ##### PHASE 1 process:20 #####
Sat, 02 Sep 2023 22:24:55 data_preprocess_all.py[line:134] DEBUG ##### CANONICALIZATION process:20 #####
Sat, 02 Sep 2023 22:24:55 data_preprocess_all.py[line:134] INFO ##### PHASE 1 process:21 #####
Sat, 02 Sep 2023 22:24:55 data_preprocess_all.py[line:134] DEBUG ##### CANONICALIZATION process:21 #####
Sat, 02 Sep 2023 22:24:55 data_preprocess_all.py[line:134] INFO ##### PHASE 1 process:22 #####
Sat, 02 Sep 2023 22:24:55 data_preprocess_all.py[line:134] DEBUG ##### CANONICALIZATION process:22 #####
Sat, 02 Sep 2023 22:24:56 data_preprocess_all.py[line:134] INFO ##### PHASE 1 process:23 #####
Sat, 02 Sep 2023 22:24:56 data_preprocess_all.py[line:134] DEBUG ##### CANONICALIZATION process:23 #####
Sat, 02 Sep 2023 22:24:56 data_preprocess_all.py[line:134] INFO ##### PHASE 1 process:24 #####
Sat, 02 Sep 2023 22:24:56 data_preprocess_all.py[line:134] DEBUG ##### CANONICALIZATION process:24 #####
Sat, 02 Sep 2023 22:24:56 data_preprocess_all.py[line:134] INFO ##### PHASE 1 process:25 #####
Sat, 02 Sep 2023 22:24:56 data_preprocess_all.py[line:134] DEBUG ##### CANONICALIZATION process:25 #####
Sat, 02 Sep 2023 22:24:56 data_preprocess_all.py[line:134] INFO ##### PHASE 1 process:26 #####
Sat, 02 Sep 2023 22:24:56 data_preprocess_all.py[line:134] DEBUG ##### CANONICALIZATION process:26 #####
Sat, 02 Sep 2023 22:24:56 data_preprocess_all.py[line:134] INFO ##### PHASE 1 process:27 #####
Sat, 02 Sep 2023 22:24:56 data_preprocess_all.py[line:134] DEBUG ##### CANONICALIZATION process:27 #####
Sat, 02 Sep 2023 22:24:56 data_preprocess_all.py[line:134] INFO ##### PHASE 1 process:28 #####
Sat, 02 Sep 2023 22:24:56 data_preprocess_all.py[line:134] DEBUG ##### CANONICALIZATION process:28 #####
Sat, 02 Sep 2023 22:24:56 data_preprocess_all.py[line:134] INFO ##### PHASE 1 process:29 #####
Sat, 02 Sep 2023 22:24:56 data_preprocess_all.py[line:134] DEBUG ##### CANONICALIZATION process:29 #####
Sat, 02 Sep 2023 22:24:56 data_preprocess_all.py[line:134] INFO ##### PHASE 1 process:30 #####
Sat, 02 Sep 2023 22:24:56 data_preprocess_all.py[line:134] DEBUG ##### CANONICALIZATION process:30 #####
Sat, 02 Sep 2023 22:24:56 data_preprocess_all.py[line:134] INFO ##### PHASE 1 process:31 #####
Sat, 02 Sep 2023 22:24:56 data_preprocess_all.py[line:134] DEBUG ##### CANONICALIZATION process:31 #####
Sat, 02 Sep 2023 22:25:25 data_preprocess_all.py[line:134] DEBUG ##### CANONICALIZATION DONE process:23 #####
Sat, 02 Sep 2023 22:25:25 data_preprocess_all.py[line:134] DEBUG ##### CANONICALIZATION DONE process:19 #####
Sat, 02 Sep 2023 22:25:25 data_preprocess_all.py[line:134] DEBUG ##### SAVING CANON SMILES process:19 #####
Sat, 02 Sep 2023 22:25:25 data_preprocess_all.py[line:134] DEBUG ##### SAVING CANON SMILES process:23 #####
Sat, 02 Sep 2023 22:25:25 data_preprocess_all.py[line:134] DEBUG ##### CANONICALIZATION DONE process:22 #####
Sat, 02 Sep 2023 22:25:25 data_preprocess_all.py[line:134] DEBUG ##### SAVING CANON SMILES process:22 #####
Sat, 02 Sep 2023 22:25:25 data_preprocess_all.py[line:134] DEBUG ##### CANONICALIZATION DONE process:25 #####
Sat, 02 Sep 2023 22:25:25 data_preprocess_all.py[line:134] DEBUG ##### SAVING CANON SMILES process:25 #####
Sat, 02 Sep 2023 22:25:25 data_preprocess_all.py[line:134] DEBUG ##### CANONICALIZATION DONE process:15 #####
Sat, 02 Sep 2023 22:25:25 data_preprocess_all.py[line:134] DEBUG ##### SAVING CANON SMILES process:15 #####
Sat, 02 Sep 2023 22:25:25 data_preprocess_all.py[line:134] DEBUG ##### CANONICALIZATION DONE process:6 #####
Sat, 02 Sep 2023 22:25:25 data_preprocess_all.py[line:134] DEBUG ##### SAVING CANON SMILES process:6 #####
Sat, 02 Sep 2023 22:25:25 data_preprocess_all.py[line:134] DEBUG ##### CANONICALIZATION DONE process:4 #####
Sat, 02 Sep 2023 22:25:25 data_preprocess_all.py[line:134] DEBUG ##### SAVING CANON SMILES process:4 #####
Sat, 02 Sep 2023 22:25:25 data_preprocess_all.py[line:134] DEBUG ##### CANONICALIZATION DONE process:14 #####
Sat, 02 Sep 2023 22:25:25 data_preprocess_all.py[line:134] DEBUG ##### SAVING CANON SMILES process:14 #####
Sat, 02 Sep 2023 22:25:25 data_preprocess_all.py[line:134] DEBUG ##### CANONICALIZATION DONE process:18 #####
Sat, 02 Sep 2023 22:25:25 data_preprocess_all.py[line:134] DEBUG ##### SAVING CANON SMILES process:18 #####
Sat, 02 Sep 2023 22:25:25 data_preprocess_all.py[line:134] DEBUG ##### CANONICALIZATION DONE process:2 #####
Sat, 02 Sep 2023 22:25:25 data_preprocess_all.py[line:134] DEBUG ##### SAVING CANON SMILES process:2 #####
Sat, 02 Sep 2023 22:25:25 data_preprocess_all.py[line:134] DEBUG ##### CANONICALIZATION DONE process:20 #####
Sat, 02 Sep 2023 22:25:25 data_preprocess_all.py[line:134] DEBUG ##### SAVING CANON SMILES process:20 #####
Sat, 02 Sep 2023 22:25:25 data_preprocess_all.py[line:134] DEBUG ##### CANONICALIZATION DONE process:21 #####
Sat, 02 Sep 2023 22:25:25 data_preprocess_all.py[line:134] DEBUG ##### SAVING CANON SMILES process:21 #####
Sat, 02 Sep 2023 22:25:25 data_preprocess_all.py[line:134] DEBUG ##### CANONICALIZATION DONE process:9 #####
Sat, 02 Sep 2023 22:25:25 data_preprocess_all.py[line:134] DEBUG ##### SAVING CANON SMILES process:9 #####
Sat, 02 Sep 2023 22:25:25 data_preprocess_all.py[line:134] DEBUG ##### CANONICALIZATION DONE process:8 #####
Sat, 02 Sep 2023 22:25:25 data_preprocess_all.py[line:134] DEBUG ##### SAVING CANON SMILES process:8 #####
Sat, 02 Sep 2023 22:25:25 data_preprocess_all.py[line:134] DEBUG ##### CANONICALIZATION DONE process:11 #####
Sat, 02 Sep 2023 22:25:25 data_preprocess_all.py[line:134] DEBUG ##### SAVING CANON SMILES process:11 #####
Sat, 02 Sep 2023 22:25:25 data_preprocess_all.py[line:134] DEBUG ##### CANONICALIZATION DONE process:7 #####
Sat, 02 Sep 2023 22:25:25 data_preprocess_all.py[line:134] DEBUG ##### SAVING CANON SMILES process:7 #####
Sat, 02 Sep 2023 22:25:25 data_preprocess_all.py[line:134] DEBUG ##### CANONICALIZATION DONE process:26 #####
Sat, 02 Sep 2023 22:25:25 data_preprocess_all.py[line:134] DEBUG ##### SAVING CANON SMILES process:26 #####
Sat, 02 Sep 2023 22:25:25 data_preprocess_all.py[line:134] DEBUG ##### CANONICALIZATION DONE process:5 #####
Sat, 02 Sep 2023 22:25:25 data_preprocess_all.py[line:134] DEBUG ##### SAVING CANON SMILES process:5 #####
Sat, 02 Sep 2023 22:25:25 data_preprocess_all.py[line:134] DEBUG ##### CANONICALIZATION DONE process:0 #####
Sat, 02 Sep 2023 22:25:25 data_preprocess_all.py[line:134] DEBUG ##### SAVING CANON SMILES process:0 #####
Sat, 02 Sep 2023 22:25:25 data_preprocess_all.py[line:134] DEBUG ##### CANONICALIZATION DONE process:24 #####
Sat, 02 Sep 2023 22:25:25 data_preprocess_all.py[line:134] DEBUG ##### SAVING CANON SMILES process:24 #####
Sat, 02 Sep 2023 22:25:25 data_preprocess_all.py[line:134] DEBUG ##### CANONICALIZATION DONE process:3 #####
Sat, 02 Sep 2023 22:25:25 data_preprocess_all.py[line:134] DEBUG ##### SAVING CANON SMILES process:3 #####
Sat, 02 Sep 2023 22:25:25 data_preprocess_all.py[line:134] DEBUG ##### CANONICALIZATION DONE process:27 #####
Sat, 02 Sep 2023 22:25:25 data_preprocess_all.py[line:134] DEBUG ##### SAVING CANON SMILES process:27 #####
Sat, 02 Sep 2023 22:25:25 data_preprocess_all.py[line:134] DEBUG ##### CANONICALIZATION DONE process:10 #####
Sat, 02 Sep 2023 22:25:25 data_preprocess_all.py[line:134] DEBUG ##### SAVING CANON SMILES process:10 #####
Sat, 02 Sep 2023 22:25:25 data_preprocess_all.py[line:134] DEBUG ##### CANONICALIZATION DONE process:31 #####
Sat, 02 Sep 2023 22:25:25 data_preprocess_all.py[line:134] DEBUG ##### SAVING CANON SMILES process:31 #####
Sat, 02 Sep 2023 22:25:25 data_preprocess_all.py[line:134] DEBUG ##### CANONICALIZATION DONE process:13 #####
Sat, 02 Sep 2023 22:25:25 data_preprocess_all.py[line:134] DEBUG ##### SAVING CANON SMILES process:13 #####
Sat, 02 Sep 2023 22:25:26 data_preprocess_all.py[line:134] DEBUG ##### CANONICALIZATION DONE process:29 #####
Sat, 02 Sep 2023 22:25:26 data_preprocess_all.py[line:134] DEBUG ##### SAVING CANON SMILES process:29 #####
Sat, 02 Sep 2023 22:25:26 data_preprocess_all.py[line:134] DEBUG ##### CANONICALIZATION DONE process:16 #####
Sat, 02 Sep 2023 22:25:26 data_preprocess_all.py[line:134] DEBUG ##### SAVING CANON SMILES process:16 #####
Sat, 02 Sep 2023 22:25:26 data_preprocess_all.py[line:134] DEBUG ##### CANONICALIZATION DONE process:12 #####
Sat, 02 Sep 2023 22:25:26 data_preprocess_all.py[line:134] DEBUG ##### SAVING CANON SMILES process:12 #####
Sat, 02 Sep 2023 22:25:26 data_preprocess_all.py[line:134] DEBUG ##### CANONICALIZATION DONE process:30 #####
Sat, 02 Sep 2023 22:25:26 data_preprocess_all.py[line:134] DEBUG ##### SAVING CANON SMILES process:30 #####
Sat, 02 Sep 2023 22:25:26 data_preprocess_all.py[line:134] DEBUG ##### CANONICALIZATION DONE process:28 #####
Sat, 02 Sep 2023 22:25:26 data_preprocess_all.py[line:134] DEBUG ##### SAVING CANON SMILES process:28 #####
Sat, 02 Sep 2023 22:25:26 data_preprocess_all.py[line:134] DEBUG ##### CANONICALIZATION DONE process:17 #####
Sat, 02 Sep 2023 22:25:26 data_preprocess_all.py[line:134] DEBUG ##### SAVING CANON SMILES process:17 #####
Sat, 02 Sep 2023 22:25:26 data_preprocess_all.py[line:134] DEBUG ##### CANONICALIZATION DONE process:1 #####
Sat, 02 Sep 2023 22:25:26 data_preprocess_all.py[line:134] DEBUG ##### SAVING CANON SMILES process:1 #####
Sat, 02 Sep 2023 22:25:27 data_preprocess_all.py[line:134] INFO ##### PHASE 2 process:23 #####
Sat, 02 Sep 2023 22:25:27 data_preprocess_all.py[line:134] INFO ##### PHASE 2 process:19 #####
Sat, 02 Sep 2023 22:25:27 data_preprocess_all.py[line:134] INFO ##### PHASE 2 process:22 #####
Sat, 02 Sep 2023 22:25:27 data_preprocess_all.py[line:134] INFO ##### PHASE 2 process:25 #####
Sat, 02 Sep 2023 22:25:27 data_preprocess_all.py[line:134] INFO ##### PHASE 2 process:15 #####
Sat, 02 Sep 2023 22:25:27 data_preprocess_all.py[line:134] INFO ##### PHASE 2 process:6 #####
Sat, 02 Sep 2023 22:25:27 data_preprocess_all.py[line:134] DEBUG ##### DESTEREOCHEMICALIZATION process:23 #####
Sat, 02 Sep 2023 22:25:27 data_preprocess_all.py[line:134] DEBUG ##### DESTEREOCHEMICALIZATION process:19 #####
Sat, 02 Sep 2023 22:25:27 data_preprocess_all.py[line:134] DEBUG ##### DESTEREOCHEMICALIZATION process:22 #####
Sat, 02 Sep 2023 22:25:27 data_preprocess_all.py[line:134] DEBUG ##### DESTEREOCHEMICALIZATION process:25 #####
Sat, 02 Sep 2023 22:25:27 data_preprocess_all.py[line:134] DEBUG ##### DESTEREOCHEMICALIZATION process:6 #####
Sat, 02 Sep 2023 22:25:27 data_preprocess_all.py[line:134] DEBUG ##### DESTEREOCHEMICALIZATION process:15 #####
Sat, 02 Sep 2023 22:25:27 data_preprocess_all.py[line:134] INFO ##### PHASE 2 process:11 #####
Sat, 02 Sep 2023 22:25:27 data_preprocess_all.py[line:134] INFO ##### PHASE 2 process:18 #####
Sat, 02 Sep 2023 22:25:27 data_preprocess_all.py[line:134] DEBUG ##### DESTEREOCHEMICALIZATION process:11 #####
Sat, 02 Sep 2023 22:25:27 data_preprocess_all.py[line:134] DEBUG ##### DESTEREOCHEMICALIZATION process:18 #####
Sat, 02 Sep 2023 22:25:27 data_preprocess_all.py[line:134] INFO ##### PHASE 2 process:4 #####
Sat, 02 Sep 2023 22:25:27 data_preprocess_all.py[line:134] DEBUG ##### DESTEREOCHEMICALIZATION process:4 #####
Sat, 02 Sep 2023 22:25:27 data_preprocess_all.py[line:134] INFO ##### PHASE 2 process:8 #####
Sat, 02 Sep 2023 22:25:27 data_preprocess_all.py[line:134] INFO ##### PHASE 2 process:9 #####
Sat, 02 Sep 2023 22:25:27 data_preprocess_all.py[line:134] INFO ##### PHASE 2 process:21 #####
Sat, 02 Sep 2023 22:25:27 data_preprocess_all.py[line:134] DEBUG ##### DESTEREOCHEMICALIZATION process:8 #####
Sat, 02 Sep 2023 22:25:27 data_preprocess_all.py[line:134] DEBUG ##### DESTEREOCHEMICALIZATION process:21 #####
Sat, 02 Sep 2023 22:25:27 data_preprocess_all.py[line:134] INFO ##### PHASE 2 process:26 #####
Sat, 02 Sep 2023 22:25:27 data_preprocess_all.py[line:134] DEBUG ##### DESTEREOCHEMICALIZATION process:9 #####
Sat, 02 Sep 2023 22:25:27 data_preprocess_all.py[line:134] INFO ##### PHASE 2 process:20 #####
Sat, 02 Sep 2023 22:25:27 data_preprocess_all.py[line:134] INFO ##### PHASE 2 process:2 #####
Sat, 02 Sep 2023 22:25:27 data_preprocess_all.py[line:134] DEBUG ##### DESTEREOCHEMICALIZATION process:26 #####
Sat, 02 Sep 2023 22:25:27 data_preprocess_all.py[line:134] DEBUG ##### DESTEREOCHEMICALIZATION process:20 #####
Sat, 02 Sep 2023 22:25:27 data_preprocess_all.py[line:134] DEBUG ##### DESTEREOCHEMICALIZATION process:2 #####
Sat, 02 Sep 2023 22:25:27 data_preprocess_all.py[line:134] INFO ##### PHASE 2 process:3 #####
Sat, 02 Sep 2023 22:25:27 data_preprocess_all.py[line:134] DEBUG ##### DESTEREOCHEMICALIZATION process:3 #####
Sat, 02 Sep 2023 22:25:27 data_preprocess_all.py[line:134] INFO ##### PHASE 2 process:0 #####
Sat, 02 Sep 2023 22:25:27 data_preprocess_all.py[line:134] DEBUG ##### DESTEREOCHEMICALIZATION process:0 #####
Sat, 02 Sep 2023 22:25:27 data_preprocess_all.py[line:134] INFO ##### PHASE 2 process:24 #####
Sat, 02 Sep 2023 22:25:27 data_preprocess_all.py[line:134] INFO ##### PHASE 2 process:7 #####
Sat, 02 Sep 2023 22:25:27 data_preprocess_all.py[line:134] DEBUG ##### DESTEREOCHEMICALIZATION process:24 #####
Sat, 02 Sep 2023 22:25:27 data_preprocess_all.py[line:134] DEBUG ##### DESTEREOCHEMICALIZATION process:7 #####
Sat, 02 Sep 2023 22:25:27 data_preprocess_all.py[line:134] INFO ##### PHASE 2 process:14 #####
Sat, 02 Sep 2023 22:25:27 data_preprocess_all.py[line:134] INFO ##### PHASE 2 process:5 #####
Sat, 02 Sep 2023 22:25:27 data_preprocess_all.py[line:134] DEBUG ##### DESTEREOCHEMICALIZATION process:14 #####
Sat, 02 Sep 2023 22:25:27 data_preprocess_all.py[line:134] DEBUG ##### DESTEREOCHEMICALIZATION process:5 #####
Sat, 02 Sep 2023 22:25:27 data_preprocess_all.py[line:134] INFO ##### PHASE 2 process:27 #####
Sat, 02 Sep 2023 22:25:27 data_preprocess_all.py[line:134] DEBUG ##### DESTEREOCHEMICALIZATION process:27 #####
Sat, 02 Sep 2023 22:25:27 data_preprocess_all.py[line:134] INFO ##### PHASE 2 process:10 #####
Sat, 02 Sep 2023 22:25:27 data_preprocess_all.py[line:134] DEBUG ##### DESTEREOCHEMICALIZATION process:10 #####
Sat, 02 Sep 2023 22:25:28 data_preprocess_all.py[line:134] INFO ##### PHASE 2 process:13 #####
Sat, 02 Sep 2023 22:25:28 data_preprocess_all.py[line:134] INFO ##### PHASE 2 process:28 #####
Sat, 02 Sep 2023 22:25:28 data_preprocess_all.py[line:134] INFO ##### PHASE 2 process:31 #####
Sat, 02 Sep 2023 22:25:28 data_preprocess_all.py[line:134] INFO ##### PHASE 2 process:17 #####
Sat, 02 Sep 2023 22:25:28 data_preprocess_all.py[line:134] DEBUG ##### DESTEREOCHEMICALIZATION process:17 #####
Sat, 02 Sep 2023 22:25:28 data_preprocess_all.py[line:134] INFO ##### PHASE 2 process:16 #####
Sat, 02 Sep 2023 22:25:28 data_preprocess_all.py[line:134] DEBUG ##### DESTEREOCHEMICALIZATION process:16 #####
Sat, 02 Sep 2023 22:25:28 data_preprocess_all.py[line:134] DEBUG ##### DESTEREOCHEMICALIZATION process:13 #####
Sat, 02 Sep 2023 22:25:28 data_preprocess_all.py[line:134] INFO ##### PHASE 2 process:1 #####
Sat, 02 Sep 2023 22:25:28 data_preprocess_all.py[line:134] DEBUG ##### DESTEREOCHEMICALIZATION process:28 #####
Sat, 02 Sep 2023 22:25:28 data_preprocess_all.py[line:134] INFO ##### PHASE 2 process:29 #####
Sat, 02 Sep 2023 22:25:28 data_preprocess_all.py[line:134] DEBUG ##### DESTEREOCHEMICALIZATION process:31 #####
Sat, 02 Sep 2023 22:25:28 data_preprocess_all.py[line:134] INFO ##### PHASE 2 process:12 #####
Sat, 02 Sep 2023 22:25:28 data_preprocess_all.py[line:134] DEBUG ##### DESTEREOCHEMICALIZATION process:12 #####
Sat, 02 Sep 2023 22:25:28 data_preprocess_all.py[line:134] DEBUG ##### DESTEREOCHEMICALIZATION process:1 #####
Sat, 02 Sep 2023 22:25:28 data_preprocess_all.py[line:134] DEBUG ##### DESTEREOCHEMICALIZATION process:29 #####
Sat, 02 Sep 2023 22:25:28 data_preprocess_all.py[line:134] INFO ##### PHASE 2 process:30 #####
Sat, 02 Sep 2023 22:25:28 data_preprocess_all.py[line:134] DEBUG ##### DESTEREOCHEMICALIZATION process:30 #####
Sat, 02 Sep 2023 22:25:52 data_preprocess_all.py[line:134] DEBUG ##### DESTEREOCHEMICALIZATION DONE process:12 #####
Sat, 02 Sep 2023 22:25:53 data_preprocess_all.py[line:134] INFO ##### removed succesfully: ../datasets/tmp/30M_rassp/30M_rassp_chunk12_after_phase1.smi #####
Sat, 02 Sep 2023 22:25:53 data_preprocess_all.py[line:134] INFO ##### PHASE 3 process:12 #####
Sat, 02 Sep 2023 22:25:53 data_preprocess_all.py[line:134] DEBUG ##### DESTEREOCHEMICALIZATION DONE process:1 #####
Sat, 02 Sep 2023 22:25:53 data_preprocess_all.py[line:134] DEBUG ##### DESTEREOCHEMICALIZATION DONE process:16 #####
Sat, 02 Sep 2023 22:25:53 data_preprocess_all.py[line:134] DEBUG ##### DESTEREOCHEMICALIZATION DONE process:27 #####
Sat, 02 Sep 2023 22:25:53 data_preprocess_all.py[line:134] DEBUG ##### DESTEREOCHEMICALIZATION DONE process:19 #####
Sat, 02 Sep 2023 22:25:53 data_preprocess_all.py[line:134] INFO ##### removed succesfully: ../datasets/tmp/30M_rassp/30M_rassp_chunk19_after_phase1.smi #####
Sat, 02 Sep 2023 22:25:53 data_preprocess_all.py[line:134] INFO ##### PHASE 3 process:19 #####
Sat, 02 Sep 2023 22:25:53 data_preprocess_all.py[line:134] DEBUG ##### DESTEREOCHEMICALIZATION DONE process:4 #####
Sat, 02 Sep 2023 22:25:53 data_preprocess_all.py[line:134] INFO ##### removed succesfully: ../datasets/tmp/30M_rassp/30M_rassp_chunk4_after_phase1.smi #####
Sat, 02 Sep 2023 22:25:53 data_preprocess_all.py[line:134] INFO ##### PHASE 3 process:4 #####
Sat, 02 Sep 2023 22:25:53 data_preprocess_all.py[line:134] DEBUG ##### DESTEREOCHEMICALIZATION DONE process:13 #####
Sat, 02 Sep 2023 22:25:53 data_preprocess_all.py[line:134] INFO ##### removed succesfully: ../datasets/tmp/30M_rassp/30M_rassp_chunk13_after_phase1.smi #####
Sat, 02 Sep 2023 22:25:53 data_preprocess_all.py[line:134] INFO ##### PHASE 3 process:13 #####
Sat, 02 Sep 2023 22:25:53 data_preprocess_all.py[line:134] DEBUG ##### LOADING DESTEREO SMILES process:13 #####
Sat, 02 Sep 2023 22:25:53 data_preprocess_all.py[line:134] DEBUG ##### DESTEREOCHEMICALIZATION DONE process:28 #####
Sat, 02 Sep 2023 22:25:53 data_preprocess_all.py[line:134] INFO ##### removed succesfully: ../datasets/tmp/30M_rassp/30M_rassp_chunk28_after_phase1.smi #####
Sat, 02 Sep 2023 22:25:53 data_preprocess_all.py[line:134] DEBUG ##### DESTEREOCHEMICALIZATION DONE process:11 #####
Sat, 02 Sep 2023 22:25:53 data_preprocess_all.py[line:134] DEBUG ##### DESTEREOCHEMICALIZATION DONE process:8 #####
Sat, 02 Sep 2023 22:25:53 data_preprocess_all.py[line:134] INFO ##### removed succesfully: ../datasets/tmp/30M_rassp/30M_rassp_chunk8_after_phase1.smi #####
Sat, 02 Sep 2023 22:25:53 data_preprocess_all.py[line:134] INFO ##### PHASE 3 process:8 #####
Sat, 02 Sep 2023 22:25:53 data_preprocess_all.py[line:134] DEBUG ##### DESTEREOCHEMICALIZATION DONE process:0 #####
Sat, 02 Sep 2023 22:25:53 data_preprocess_all.py[line:134] INFO ##### removed succesfully: ../datasets/tmp/30M_rassp/30M_rassp_chunk0_after_phase1.smi #####
Sat, 02 Sep 2023 22:25:53 data_preprocess_all.py[line:134] INFO ##### PHASE 3 process:0 #####
Sat, 02 Sep 2023 22:25:53 data_preprocess_all.py[line:134] DEBUG ##### DESTEREOCHEMICALIZATION DONE process:31 #####
Sat, 02 Sep 2023 22:25:53 data_preprocess_all.py[line:134] INFO ##### removed succesfully: ../datasets/tmp/30M_rassp/30M_rassp_chunk31_after_phase1.smi #####
Sat, 02 Sep 2023 22:25:53 data_preprocess_all.py[line:134] INFO ##### PHASE 3 process:31 #####
Sat, 02 Sep 2023 22:25:53 data_preprocess_all.py[line:134] INFO ##### removed succesfully: ../datasets/tmp/30M_rassp/30M_rassp_chunk27_after_phase1.smi #####
Sat, 02 Sep 2023 22:25:53 data_preprocess_all.py[line:134] INFO ##### PHASE 3 process:27 #####
Sat, 02 Sep 2023 22:25:53 data_preprocess_all.py[line:134] DEBUG ##### DESTEREOCHEMICALIZATION DONE process:25 #####
Sat, 02 Sep 2023 22:25:53 data_preprocess_all.py[line:134] DEBUG ##### DESTEREOCHEMICALIZATION DONE process:14 #####
Sat, 02 Sep 2023 22:25:53 data_preprocess_all.py[line:134] DEBUG ##### DESTEREOCHEMICALIZATION DONE process:20 #####
Sat, 02 Sep 2023 22:25:53 data_preprocess_all.py[line:134] DEBUG ##### LOADING DESTEREO SMILES process:19 #####
Sat, 02 Sep 2023 22:25:53 data_preprocess_all.py[line:134] DEBUG ##### DESTEREOCHEMICALIZATION DONE process:23 #####
Sat, 02 Sep 2023 22:25:53 data_preprocess_all.py[line:134] INFO ##### removed succesfully: ../datasets/tmp/30M_rassp/30M_rassp_chunk23_after_phase1.smi #####
Sat, 02 Sep 2023 22:25:53 data_preprocess_all.py[line:134] INFO ##### PHASE 3 process:23 #####
Sat, 02 Sep 2023 22:25:53 data_preprocess_all.py[line:134] DEBUG ##### LOADING DESTEREO SMILES process:23 #####
Sat, 02 Sep 2023 22:25:53 data_preprocess_all.py[line:134] DEBUG ##### DESTEREOCHEMICALIZATION DONE process:24 #####
Sat, 02 Sep 2023 22:25:53 data_preprocess_all.py[line:134] INFO ##### removed succesfully: ../datasets/tmp/30M_rassp/30M_rassp_chunk24_after_phase1.smi #####
Sat, 02 Sep 2023 22:25:53 data_preprocess_all.py[line:134] INFO ##### PHASE 3 process:24 #####
Sat, 02 Sep 2023 22:25:53 data_preprocess_all.py[line:134] DEBUG ##### LOADING DESTEREO SMILES process:24 #####
Sat, 02 Sep 2023 22:25:53 data_preprocess_all.py[line:134] INFO ##### removed succesfully: ../datasets/tmp/30M_rassp/30M_rassp_chunk11_after_phase1.smi #####
Sat, 02 Sep 2023 22:25:53 data_preprocess_all.py[line:134] INFO ##### PHASE 3 process:11 #####
Sat, 02 Sep 2023 22:25:53 data_preprocess_all.py[line:134] DEBUG ##### DESTEREOCHEMICALIZATION DONE process:22 #####
Sat, 02 Sep 2023 22:25:53 data_preprocess_all.py[line:134] DEBUG ##### LOADING DESTEREO SMILES process:8 #####
Sat, 02 Sep 2023 22:25:53 data_preprocess_all.py[line:134] DEBUG ##### DESTEREOCHEMICALIZATION DONE process:3 #####
Sat, 02 Sep 2023 22:25:53 data_preprocess_all.py[line:134] INFO ##### removed succesfully: ../datasets/tmp/30M_rassp/30M_rassp_chunk3_after_phase1.smi #####
Sat, 02 Sep 2023 22:25:53 data_preprocess_all.py[line:134] INFO ##### PHASE 3 process:3 #####
Sat, 02 Sep 2023 22:25:53 data_preprocess_all.py[line:134] DEBUG ##### DESTEREOCHEMICALIZATION DONE process:9 #####
Sat, 02 Sep 2023 22:25:53 data_preprocess_all.py[line:134] INFO ##### removed succesfully: ../datasets/tmp/30M_rassp/30M_rassp_chunk9_after_phase1.smi #####
Sat, 02 Sep 2023 22:25:53 data_preprocess_all.py[line:134] INFO ##### PHASE 3 process:9 #####
Sat, 02 Sep 2023 22:25:53 data_preprocess_all.py[line:134] DEBUG ##### LOADING DESTEREO SMILES process:9 #####
Sat, 02 Sep 2023 22:25:53 data_preprocess_all.py[line:134] DEBUG ##### LOADING DESTEREO SMILES process:12 #####
Sat, 02 Sep 2023 22:25:53 data_preprocess_all.py[line:134] DEBUG ##### LOADING DESTEREO SMILES process:27 #####
Sat, 02 Sep 2023 22:25:53 data_preprocess_all.py[line:134] INFO ##### removed succesfully: ../datasets/tmp/30M_rassp/30M_rassp_chunk25_after_phase1.smi #####
Sat, 02 Sep 2023 22:25:53 data_preprocess_all.py[line:134] INFO ##### PHASE 3 process:25 #####
Sat, 02 Sep 2023 22:25:53 data_preprocess_all.py[line:134] DEBUG ##### DESTEREOCHEMICALIZATION DONE process:7 #####
Sat, 02 Sep 2023 22:25:53 data_preprocess_all.py[line:134] INFO ##### removed succesfully: ../datasets/tmp/30M_rassp/30M_rassp_chunk7_after_phase1.smi #####
Sat, 02 Sep 2023 22:25:53 data_preprocess_all.py[line:134] INFO ##### PHASE 3 process:7 #####
Sat, 02 Sep 2023 22:25:53 data_preprocess_all.py[line:134] DEBUG ##### DESTEREOCHEMICALIZATION DONE process:30 #####
Sat, 02 Sep 2023 22:25:53 data_preprocess_all.py[line:134] DEBUG ##### DESTEREOCHEMICALIZATION DONE process:15 #####
Sat, 02 Sep 2023 22:25:53 data_preprocess_all.py[line:134] INFO ##### removed succesfully: ../datasets/tmp/30M_rassp/30M_rassp_chunk15_after_phase1.smi #####
Sat, 02 Sep 2023 22:25:53 data_preprocess_all.py[line:134] INFO ##### PHASE 3 process:15 #####
Sat, 02 Sep 2023 22:25:53 data_preprocess_all.py[line:134] DEBUG ##### DESTEREOCHEMICALIZATION DONE process:17 #####
Sat, 02 Sep 2023 22:25:53 data_preprocess_all.py[line:134] DEBUG ##### LOADING DESTEREO SMILES process:11 #####
Sat, 02 Sep 2023 22:25:53 data_preprocess_all.py[line:134] INFO ##### removed succesfully: ../datasets/tmp/30M_rassp/30M_rassp_chunk22_after_phase1.smi #####
Sat, 02 Sep 2023 22:25:53 data_preprocess_all.py[line:134] INFO ##### PHASE 3 process:22 #####
Sat, 02 Sep 2023 22:25:53 data_preprocess_all.py[line:134] DEBUG ##### LOADING DESTEREO SMILES process:0 #####
Sat, 02 Sep 2023 22:25:53 data_preprocess_all.py[line:134] DEBUG ##### LOADING DESTEREO SMILES process:3 #####
Sat, 02 Sep 2023 22:25:53 data_preprocess_all.py[line:134] INFO ##### removed succesfully: ../datasets/tmp/30M_rassp/30M_rassp_chunk1_after_phase1.smi #####
Sat, 02 Sep 2023 22:25:53 data_preprocess_all.py[line:134] INFO ##### PHASE 3 process:1 #####
Sat, 02 Sep 2023 22:25:53 data_preprocess_all.py[line:134] DEBUG ##### DEDUPLICATION process:9 #####
Sat, 02 Sep 2023 22:25:53 data_preprocess_all.py[line:134] INFO ##### removed succesfully: ../datasets/tmp/30M_rassp/30M_rassp_chunk14_after_phase1.smi #####
Sat, 02 Sep 2023 22:25:53 data_preprocess_all.py[line:134] INFO ##### PHASE 3 process:14 #####
Sat, 02 Sep 2023 22:25:53 data_preprocess_all.py[line:134] DEBUG ##### LOADING DESTEREO SMILES process:25 #####
Sat, 02 Sep 2023 22:25:53 data_preprocess_all.py[line:134] DEBUG ##### DEDUPLICATION process:23 #####
Sat, 02 Sep 2023 22:25:53 data_preprocess_all.py[line:134] DEBUG ##### DEDUPLICATION process:13 #####
Sat, 02 Sep 2023 22:25:53 data_preprocess_all.py[line:134] DEBUG ##### DESTEREOCHEMICALIZATION DONE process:6 #####
Sat, 02 Sep 2023 22:25:53 data_preprocess_all.py[line:134] INFO ##### removed succesfully: ../datasets/tmp/30M_rassp/30M_rassp_chunk6_after_phase1.smi #####
Sat, 02 Sep 2023 22:25:53 data_preprocess_all.py[line:134] INFO ##### PHASE 3 process:6 #####
Sat, 02 Sep 2023 22:25:53 data_preprocess_all.py[line:134] DEBUG ##### DESTEREOCHEMICALIZATION DONE process:5 #####
Sat, 02 Sep 2023 22:25:53 data_preprocess_all.py[line:134] INFO ##### removed succesfully: ../datasets/tmp/30M_rassp/30M_rassp_chunk5_after_phase1.smi #####
Sat, 02 Sep 2023 22:25:53 data_preprocess_all.py[line:134] DEBUG ##### LOADING DESTEREO SMILES process:15 #####
Sat, 02 Sep 2023 22:25:53 data_preprocess_all.py[line:134] INFO ##### removed succesfully: ../datasets/tmp/30M_rassp/30M_rassp_chunk17_after_phase1.smi #####
Sat, 02 Sep 2023 22:25:53 data_preprocess_all.py[line:134] INFO ##### PHASE 3 process:17 #####
Sat, 02 Sep 2023 22:25:53 data_preprocess_all.py[line:134] DEBUG ##### DESTEREOCHEMICALIZATION DONE process:21 #####
Sat, 02 Sep 2023 22:25:53 data_preprocess_all.py[line:134] INFO ##### removed succesfully: ../datasets/tmp/30M_rassp/30M_rassp_chunk21_after_phase1.smi #####
Sat, 02 Sep 2023 22:25:53 data_preprocess_all.py[line:134] INFO ##### PHASE 3 process:21 #####
Sat, 02 Sep 2023 22:25:53 data_preprocess_all.py[line:134] DEBUG ##### LOADING DESTEREO SMILES process:31 #####
Sat, 02 Sep 2023 22:25:53 data_preprocess_all.py[line:134] DEBUG ##### DESTEREOCHEMICALIZATION DONE process:2 #####
Sat, 02 Sep 2023 22:25:53 data_preprocess_all.py[line:134] INFO ##### removed succesfully: ../datasets/tmp/30M_rassp/30M_rassp_chunk2_after_phase1.smi #####
Sat, 02 Sep 2023 22:25:53 data_preprocess_all.py[line:134] INFO ##### PHASE 3 process:2 #####
Sat, 02 Sep 2023 22:25:53 data_preprocess_all.py[line:134] DEBUG ##### LOADING DESTEREO SMILES process:4 #####
Sat, 02 Sep 2023 22:25:53 data_preprocess_all.py[line:134] DEBUG ##### DESTEREOCHEMICALIZATION DONE process:10 #####
Sat, 02 Sep 2023 22:25:53 data_preprocess_all.py[line:134] INFO ##### removed succesfully: ../datasets/tmp/30M_rassp/30M_rassp_chunk10_after_phase1.smi #####
Sat, 02 Sep 2023 22:25:53 data_preprocess_all.py[line:134] INFO ##### PHASE 3 process:10 #####
Sat, 02 Sep 2023 22:25:53 data_preprocess_all.py[line:134] DEBUG ##### LOADING DESTEREO SMILES process:6 #####
Sat, 02 Sep 2023 22:25:53 data_preprocess_all.py[line:134] INFO ##### PHASE 3 process:28 #####
Sat, 02 Sep 2023 22:25:53 data_preprocess_all.py[line:134] DEBUG ##### LOADING DESTEREO SMILES process:28 #####
Sat, 02 Sep 2023 22:25:53 data_preprocess_all.py[line:134] INFO ##### PHASE 3 process:5 #####
Sat, 02 Sep 2023 22:25:53 data_preprocess_all.py[line:134] DEBUG ##### DEDUPLICATION DONE process:23 #####
Sat, 02 Sep 2023 22:25:53 data_preprocess_all.py[line:134] DEBUG ##### LONG SMILES FILTERING process:23 #####
Sat, 02 Sep 2023 22:25:53 data_preprocess_all.py[line:134] DEBUG ##### DEDUPLICATION DONE process:13 #####
Sat, 02 Sep 2023 22:25:53 data_preprocess_all.py[line:134] DEBUG ##### LONG SMILES FILTERING process:13 #####
Sat, 02 Sep 2023 22:25:53 data_preprocess_all.py[line:134] DEBUG ##### DEDUPLICATION process:24 #####
Sat, 02 Sep 2023 22:25:53 data_preprocess_all.py[line:134] DEBUG ##### DESTEREOCHEMICALIZATION DONE process:18 #####
Sat, 02 Sep 2023 22:25:53 data_preprocess_all.py[line:134] DEBUG ##### LOADING DESTEREO SMILES process:17 #####
Sat, 02 Sep 2023 22:25:53 data_preprocess_all.py[line:134] DEBUG ##### LOADING DESTEREO SMILES process:22 #####
Sat, 02 Sep 2023 22:25:53 data_preprocess_all.py[line:134] DEBUG ##### DEDUPLICATION process:0 #####
Sat, 02 Sep 2023 22:25:53 data_preprocess_all.py[line:134] DEBUG ##### DEDUPLICATION process:3 #####
Sat, 02 Sep 2023 22:25:53 data_preprocess_all.py[line:134] DEBUG ##### DEDUPLICATION process:8 #####
Sat, 02 Sep 2023 22:25:54 data_preprocess_all.py[line:134] INFO ##### removed succesfully: ../datasets/tmp/30M_rassp/30M_rassp_chunk16_after_phase1.smi #####
Sat, 02 Sep 2023 22:25:54 data_preprocess_all.py[line:134] DEBUG ##### LOADING DESTEREO SMILES process:1 #####
Sat, 02 Sep 2023 22:25:54 data_preprocess_all.py[line:134] DEBUG ##### DEDUPLICATION process:27 #####
Sat, 02 Sep 2023 22:25:54 data_preprocess_all.py[line:134] INFO ##### removed succesfully: ../datasets/tmp/30M_rassp/30M_rassp_chunk20_after_phase1.smi #####
Sat, 02 Sep 2023 22:25:54 data_preprocess_all.py[line:134] INFO ##### PHASE 3 process:20 #####
Sat, 02 Sep 2023 22:25:54 data_preprocess_all.py[line:134] DEBUG ##### LOADING DESTEREO SMILES process:7 #####
Sat, 02 Sep 2023 22:25:54 data_preprocess_all.py[line:134] DEBUG ##### LOADING DESTEREO SMILES process:10 #####
Sat, 02 Sep 2023 22:25:54 data_preprocess_all.py[line:134] DEBUG ##### DESTEREOCHEMICALIZATION DONE process:29 #####
Sat, 02 Sep 2023 22:25:54 data_preprocess_all.py[line:134] DEBUG ##### DEDUPLICATION DONE process:9 #####
Sat, 02 Sep 2023 22:25:54 data_preprocess_all.py[line:134] DEBUG ##### LONG SMILES FILTERING process:9 #####
Sat, 02 Sep 2023 22:25:54 data_preprocess_all.py[line:134] DEBUG ##### DEDUPLICATION process:15 #####
Sat, 02 Sep 2023 22:25:54 data_preprocess_all.py[line:134] DEBUG ##### DEDUPLICATION DONE process:24 #####
Sat, 02 Sep 2023 22:25:54 data_preprocess_all.py[line:134] DEBUG ##### LONG SMILES FILTERING process:24 #####
Sat, 02 Sep 2023 22:25:54 data_preprocess_all.py[line:134] DEBUG ##### LOADING DESTEREO SMILES process:21 #####
Sat, 02 Sep 2023 22:25:54 data_preprocess_all.py[line:134] DEBUG ##### DEDUPLICATION DONE process:0 #####
Sat, 02 Sep 2023 22:25:54 data_preprocess_all.py[line:134] DEBUG ##### LONG SMILES FILTERING process:0 #####
Sat, 02 Sep 2023 22:25:54 data_preprocess_all.py[line:134] DEBUG ##### DEDUPLICATION DONE process:3 #####
Sat, 02 Sep 2023 22:25:54 data_preprocess_all.py[line:134] DEBUG ##### LONG SMILES FILTERING process:3 #####
Sat, 02 Sep 2023 22:25:54 data_preprocess_all.py[line:134] DEBUG ##### LOADING DESTEREO SMILES process:2 #####
Sat, 02 Sep 2023 22:25:54 data_preprocess_all.py[line:134] DEBUG ##### LOADING DESTEREO SMILES process:20 #####
Sat, 02 Sep 2023 22:25:54 data_preprocess_all.py[line:134] DEBUG ##### DEDUPLICATION DONE process:27 #####
Sat, 02 Sep 2023 22:25:54 data_preprocess_all.py[line:134] DEBUG ##### LONG SMILES FILTERING process:27 #####
Sat, 02 Sep 2023 22:25:54 data_preprocess_all.py[line:134] DEBUG ##### LOADING DESTEREO SMILES process:5 #####
Sat, 02 Sep 2023 22:25:54 data_preprocess_all.py[line:134] INFO ##### removed succesfully: ../datasets/tmp/30M_rassp/30M_rassp_chunk29_after_phase1.smi #####
Sat, 02 Sep 2023 22:25:54 data_preprocess_all.py[line:134] DEBUG ##### DEDUPLICATION process:11 #####
Sat, 02 Sep 2023 22:25:54 data_preprocess_all.py[line:134] DEBUG ##### DEDUPLICATION process:31 #####
Sat, 02 Sep 2023 22:25:54 data_preprocess_all.py[line:134] INFO ##### removed succesfully: ../datasets/tmp/30M_rassp/30M_rassp_chunk18_after_phase1.smi #####
Sat, 02 Sep 2023 22:25:54 data_preprocess_all.py[line:134] INFO ##### PHASE 3 process:18 #####
Sat, 02 Sep 2023 22:25:54 data_preprocess_all.py[line:134] DEBUG ##### DEDUPLICATION DONE process:8 #####
Sat, 02 Sep 2023 22:25:54 data_preprocess_all.py[line:134] DEBUG ##### LONG SMILES FILTERING process:8 #####
Sat, 02 Sep 2023 22:25:54 data_preprocess_all.py[line:134] DEBUG ##### DEDUPLICATION process:4 #####
Sat, 02 Sep 2023 22:25:54 data_preprocess_all.py[line:134] INFO ##### removed succesfully: ../datasets/tmp/30M_rassp/30M_rassp_chunk30_after_phase1.smi #####
Sat, 02 Sep 2023 22:25:54 data_preprocess_all.py[line:134] INFO ##### PHASE 3 process:30 #####
Sat, 02 Sep 2023 22:25:54 data_preprocess_all.py[line:134] INFO ##### PHASE 3 process:16 #####
Sat, 02 Sep 2023 22:25:54 data_preprocess_all.py[line:134] DEBUG ##### LOADING DESTEREO SMILES process:18 #####
Sat, 02 Sep 2023 22:25:54 data_preprocess_all.py[line:134] DEBUG ##### LOADING DESTEREO SMILES process:14 #####
Sat, 02 Sep 2023 22:25:54 data_preprocess_all.py[line:134] INFO ##### PHASE 3 process:29 #####
Sat, 02 Sep 2023 22:25:54 data_preprocess_all.py[line:134] DEBUG ##### LOADING DESTEREO SMILES process:30 #####
Sat, 02 Sep 2023 22:25:54 data_preprocess_all.py[line:134] DEBUG ##### LOADING DESTEREO SMILES process:16 #####
Sat, 02 Sep 2023 22:25:54 data_preprocess_all.py[line:134] DEBUG ##### LOADING DESTEREO SMILES process:29 #####
Sat, 02 Sep 2023 22:25:54 data_preprocess_all.py[line:134] DEBUG ##### LONG SMILES FILTERING DONE process:13 #####
Sat, 02 Sep 2023 22:25:54 data_preprocess_all.py[line:134] DEBUG ##### CORRUPTED SMILES FILTERING process:13 #####
Sat, 02 Sep 2023 22:25:54 data_preprocess_all.py[line:134] DEBUG ##### DEDUPLICATION process:17 #####
Sat, 02 Sep 2023 22:25:54 data_preprocess_all.py[line:134] DEBUG ##### DEDUPLICATION process:19 #####
Sat, 02 Sep 2023 22:25:54 data_preprocess_all.py[line:134] DEBUG ##### DEDUPLICATION DONE process:15 #####
Sat, 02 Sep 2023 22:25:54 data_preprocess_all.py[line:134] DEBUG ##### LONG SMILES FILTERING process:15 #####
Sat, 02 Sep 2023 22:25:54 data_preprocess_all.py[line:134] DEBUG ##### DEDUPLICATION process:22 #####
Sat, 02 Sep 2023 22:25:54 data_preprocess_all.py[line:134] DEBUG ##### DEDUPLICATION DONE process:4 #####
Sat, 02 Sep 2023 22:25:54 data_preprocess_all.py[line:134] DEBUG ##### LONG SMILES FILTERING process:4 #####
Sat, 02 Sep 2023 22:25:54 data_preprocess_all.py[line:134] DEBUG ##### DEDUPLICATION DONE process:31 #####
Sat, 02 Sep 2023 22:25:54 data_preprocess_all.py[line:134] DEBUG ##### LONG SMILES FILTERING process:31 #####
Sat, 02 Sep 2023 22:25:54 data_preprocess_all.py[line:134] DEBUG ##### DEDUPLICATION DONE process:11 #####
Sat, 02 Sep 2023 22:25:54 data_preprocess_all.py[line:134] DEBUG ##### LONG SMILES FILTERING process:11 #####
Sat, 02 Sep 2023 22:25:54 data_preprocess_all.py[line:134] DEBUG ##### LONG SMILES FILTERING DONE process:23 #####
Sat, 02 Sep 2023 22:25:54 data_preprocess_all.py[line:134] DEBUG ##### CORRUPTED SMILES FILTERING process:23 #####
Sat, 02 Sep 2023 22:25:54 data_preprocess_all.py[line:134] DEBUG ##### DEDUPLICATION DONE process:17 #####
Sat, 02 Sep 2023 22:25:54 data_preprocess_all.py[line:134] DEBUG ##### LONG SMILES FILTERING process:17 #####
Sat, 02 Sep 2023 22:25:54 data_preprocess_all.py[line:134] DEBUG ##### DEDUPLICATION DONE process:19 #####
Sat, 02 Sep 2023 22:25:54 data_preprocess_all.py[line:134] DEBUG ##### LONG SMILES FILTERING process:19 #####
Sat, 02 Sep 2023 22:25:54 data_preprocess_all.py[line:134] DEBUG ##### DEDUPLICATION process:28 #####
Sat, 02 Sep 2023 22:25:54 data_preprocess_all.py[line:134] DEBUG ##### DEDUPLICATION process:6 #####
Sat, 02 Sep 2023 22:25:54 data_preprocess_all.py[line:134] DEBUG ##### DEDUPLICATION DONE process:22 #####
Sat, 02 Sep 2023 22:25:54 data_preprocess_all.py[line:134] DEBUG ##### LONG SMILES FILTERING process:22 #####
Sat, 02 Sep 2023 22:25:54 data_preprocess_all.py[line:134] DEBUG ##### DEDUPLICATION process:7 #####
Sat, 02 Sep 2023 22:25:54 data_preprocess_all.py[line:134] DEBUG ##### DEDUPLICATION DONE process:6 #####
Sat, 02 Sep 2023 22:25:54 data_preprocess_all.py[line:134] DEBUG ##### LONG SMILES FILTERING process:6 #####
Sat, 02 Sep 2023 22:25:54 data_preprocess_all.py[line:134] DEBUG ##### DEDUPLICATION DONE process:28 #####
Sat, 02 Sep 2023 22:25:54 data_preprocess_all.py[line:134] DEBUG ##### LONG SMILES FILTERING process:28 #####
Sat, 02 Sep 2023 22:25:54 data_preprocess_all.py[line:134] DEBUG ##### DEDUPLICATION process:1 #####
Sat, 02 Sep 2023 22:25:54 data_preprocess_all.py[line:134] DEBUG ##### DEDUPLICATION DONE process:7 #####
Sat, 02 Sep 2023 22:25:54 data_preprocess_all.py[line:134] DEBUG ##### LONG SMILES FILTERING process:7 #####
Sat, 02 Sep 2023 22:25:54 data_preprocess_all.py[line:134] DEBUG ##### LONG SMILES FILTERING DONE process:24 #####
Sat, 02 Sep 2023 22:25:54 data_preprocess_all.py[line:134] DEBUG ##### CORRUPTED SMILES FILTERING process:24 #####
Sat, 02 Sep 2023 22:25:54 data_preprocess_all.py[line:134] DEBUG ##### DEDUPLICATION process:10 #####
Sat, 02 Sep 2023 22:25:54 data_preprocess_all.py[line:134] DEBUG ##### LONG SMILES FILTERING DONE process:0 #####
Sat, 02 Sep 2023 22:25:54 data_preprocess_all.py[line:134] DEBUG ##### CORRUPTED SMILES FILTERING process:0 #####
Sat, 02 Sep 2023 22:25:54 data_preprocess_all.py[line:134] DEBUG ##### LONG SMILES FILTERING DONE process:8 #####
Sat, 02 Sep 2023 22:25:54 data_preprocess_all.py[line:134] DEBUG ##### CORRUPTED SMILES FILTERING process:8 #####
Sat, 02 Sep 2023 22:25:54 data_preprocess_all.py[line:134] DEBUG ##### DEDUPLICATION process:12 #####
Sat, 02 Sep 2023 22:25:54 data_preprocess_all.py[line:134] DEBUG ##### DEDUPLICATION process:21 #####
Sat, 02 Sep 2023 22:25:54 data_preprocess_all.py[line:134] DEBUG ##### LONG SMILES FILTERING DONE process:9 #####
Sat, 02 Sep 2023 22:25:54 data_preprocess_all.py[line:134] DEBUG ##### CORRUPTED SMILES FILTERING process:9 #####
Sat, 02 Sep 2023 22:25:54 data_preprocess_all.py[line:134] DEBUG ##### DEDUPLICATION DONE process:1 #####
Sat, 02 Sep 2023 22:25:54 data_preprocess_all.py[line:134] DEBUG ##### LONG SMILES FILTERING process:1 #####
Sat, 02 Sep 2023 22:25:54 data_preprocess_all.py[line:134] DEBUG ##### LONG SMILES FILTERING DONE process:15 #####
Sat, 02 Sep 2023 22:25:54 data_preprocess_all.py[line:134] DEBUG ##### CORRUPTED SMILES FILTERING process:15 #####
Sat, 02 Sep 2023 22:25:54 data_preprocess_all.py[line:134] DEBUG ##### DEDUPLICATION DONE process:10 #####
Sat, 02 Sep 2023 22:25:54 data_preprocess_all.py[line:134] DEBUG ##### LONG SMILES FILTERING process:10 #####
Sat, 02 Sep 2023 22:25:54 data_preprocess_all.py[line:134] DEBUG ##### DEDUPLICATION process:20 #####
Sat, 02 Sep 2023 22:25:54 data_preprocess_all.py[line:134] DEBUG ##### DEDUPLICATION process:5 #####
Sat, 02 Sep 2023 22:25:54 data_preprocess_all.py[line:134] DEBUG ##### DEDUPLICATION process:16 #####
Sat, 02 Sep 2023 22:25:54 data_preprocess_all.py[line:134] DEBUG ##### LONG SMILES FILTERING DONE process:27 #####
Sat, 02 Sep 2023 22:25:54 data_preprocess_all.py[line:134] DEBUG ##### CORRUPTED SMILES FILTERING process:27 #####
Sat, 02 Sep 2023 22:25:54 data_preprocess_all.py[line:134] DEBUG ##### DEDUPLICATION process:29 #####
Sat, 02 Sep 2023 22:25:54 data_preprocess_all.py[line:134] DEBUG ##### LONG SMILES FILTERING DONE process:3 #####
Sat, 02 Sep 2023 22:25:54 data_preprocess_all.py[line:134] DEBUG ##### CORRUPTED SMILES FILTERING process:3 #####
Sat, 02 Sep 2023 22:25:54 data_preprocess_all.py[line:134] DEBUG ##### DEDUPLICATION process:30 #####
Sat, 02 Sep 2023 22:25:54 data_preprocess_all.py[line:134] DEBUG ##### DEDUPLICATION process:18 #####
Sat, 02 Sep 2023 22:25:54 data_preprocess_all.py[line:134] DEBUG ##### DEDUPLICATION DONE process:21 #####
Sat, 02 Sep 2023 22:25:54 data_preprocess_all.py[line:134] DEBUG ##### LONG SMILES FILTERING process:21 #####
Sat, 02 Sep 2023 22:25:54 data_preprocess_all.py[line:134] DEBUG ##### LONG SMILES FILTERING DONE process:4 #####
Sat, 02 Sep 2023 22:25:54 data_preprocess_all.py[line:134] DEBUG ##### CORRUPTED SMILES FILTERING process:4 #####
Sat, 02 Sep 2023 22:25:54 data_preprocess_all.py[line:134] DEBUG ##### DEDUPLICATION DONE process:12 #####
Sat, 02 Sep 2023 22:25:54 data_preprocess_all.py[line:134] DEBUG ##### LONG SMILES FILTERING process:12 #####
Sat, 02 Sep 2023 22:25:54 data_preprocess_all.py[line:134] DEBUG ##### LONG SMILES FILTERING DONE process:11 #####
Sat, 02 Sep 2023 22:25:54 data_preprocess_all.py[line:134] DEBUG ##### CORRUPTED SMILES FILTERING process:11 #####
Sat, 02 Sep 2023 22:25:54 data_preprocess_all.py[line:134] DEBUG ##### LONG SMILES FILTERING DONE process:17 #####
Sat, 02 Sep 2023 22:25:54 data_preprocess_all.py[line:134] DEBUG ##### CORRUPTED SMILES FILTERING process:17 #####
Sat, 02 Sep 2023 22:25:54 data_preprocess_all.py[line:134] DEBUG ##### LONG SMILES FILTERING DONE process:19 #####
Sat, 02 Sep 2023 22:25:54 data_preprocess_all.py[line:134] DEBUG ##### CORRUPTED SMILES FILTERING process:19 #####
Sat, 02 Sep 2023 22:25:54 data_preprocess_all.py[line:134] DEBUG ##### LONG SMILES FILTERING DONE process:31 #####
Sat, 02 Sep 2023 22:25:54 data_preprocess_all.py[line:134] DEBUG ##### CORRUPTED SMILES FILTERING process:31 #####
Sat, 02 Sep 2023 22:25:54 data_preprocess_all.py[line:134] DEBUG ##### DEDUPLICATION DONE process:5 #####
Sat, 02 Sep 2023 22:25:54 data_preprocess_all.py[line:134] DEBUG ##### LONG SMILES FILTERING process:5 #####
Sat, 02 Sep 2023 22:25:54 data_preprocess_all.py[line:134] DEBUG ##### DEDUPLICATION DONE process:16 #####
Sat, 02 Sep 2023 22:25:54 data_preprocess_all.py[line:134] DEBUG ##### LONG SMILES FILTERING process:16 #####
Sat, 02 Sep 2023 22:25:54 data_preprocess_all.py[line:134] DEBUG ##### DEDUPLICATION DONE process:20 #####
Sat, 02 Sep 2023 22:25:54 data_preprocess_all.py[line:134] DEBUG ##### LONG SMILES FILTERING process:20 #####
Sat, 02 Sep 2023 22:25:54 data_preprocess_all.py[line:134] DEBUG ##### DEDUPLICATION DONE process:18 #####
Sat, 02 Sep 2023 22:25:54 data_preprocess_all.py[line:134] DEBUG ##### LONG SMILES FILTERING process:18 #####
Sat, 02 Sep 2023 22:25:54 data_preprocess_all.py[line:134] DEBUG ##### DEDUPLICATION DONE process:30 #####
Sat, 02 Sep 2023 22:25:54 data_preprocess_all.py[line:134] DEBUG ##### LONG SMILES FILTERING process:30 #####
Sat, 02 Sep 2023 22:25:54 data_preprocess_all.py[line:134] DEBUG ##### DEDUPLICATION DONE process:29 #####
Sat, 02 Sep 2023 22:25:54 data_preprocess_all.py[line:134] DEBUG ##### LONG SMILES FILTERING process:29 #####
Sat, 02 Sep 2023 22:25:54 data_preprocess_all.py[line:134] DEBUG ##### LONG SMILES FILTERING DONE process:6 #####
Sat, 02 Sep 2023 22:25:54 data_preprocess_all.py[line:134] DEBUG ##### CORRUPTED SMILES FILTERING process:6 #####
Sat, 02 Sep 2023 22:25:54 data_preprocess_all.py[line:134] DEBUG ##### LONG SMILES FILTERING DONE process:28 #####
Sat, 02 Sep 2023 22:25:54 data_preprocess_all.py[line:134] DEBUG ##### CORRUPTED SMILES FILTERING process:28 #####
Sat, 02 Sep 2023 22:25:54 data_preprocess_all.py[line:134] DEBUG ##### LONG SMILES FILTERING DONE process:22 #####
Sat, 02 Sep 2023 22:25:54 data_preprocess_all.py[line:134] DEBUG ##### CORRUPTED SMILES FILTERING process:22 #####
Sat, 02 Sep 2023 22:25:54 data_preprocess_all.py[line:134] DEBUG ##### DEDUPLICATION process:25 #####
Sat, 02 Sep 2023 22:25:54 data_preprocess_all.py[line:134] DEBUG ##### LONG SMILES FILTERING DONE process:7 #####
Sat, 02 Sep 2023 22:25:54 data_preprocess_all.py[line:134] DEBUG ##### CORRUPTED SMILES FILTERING process:7 #####
Sat, 02 Sep 2023 22:25:54 data_preprocess_all.py[line:134] DEBUG ##### DEDUPLICATION DONE process:25 #####
Sat, 02 Sep 2023 22:25:54 data_preprocess_all.py[line:134] DEBUG ##### LONG SMILES FILTERING process:25 #####
Sat, 02 Sep 2023 22:25:54 data_preprocess_all.py[line:134] DEBUG ##### LONG SMILES FILTERING DONE process:1 #####
Sat, 02 Sep 2023 22:25:54 data_preprocess_all.py[line:134] DEBUG ##### CORRUPTED SMILES FILTERING process:1 #####
Sat, 02 Sep 2023 22:25:54 data_preprocess_all.py[line:134] DEBUG ##### LONG SMILES FILTERING DONE process:10 #####
Sat, 02 Sep 2023 22:25:54 data_preprocess_all.py[line:134] DEBUG ##### CORRUPTED SMILES FILTERING process:10 #####
Sat, 02 Sep 2023 22:25:54 data_preprocess_all.py[line:134] DEBUG ##### LONG SMILES FILTERING DONE process:21 #####
Sat, 02 Sep 2023 22:25:54 data_preprocess_all.py[line:134] DEBUG ##### CORRUPTED SMILES FILTERING process:21 #####
Sat, 02 Sep 2023 22:25:54 data_preprocess_all.py[line:134] DEBUG ##### LONG SMILES FILTERING DONE process:12 #####
Sat, 02 Sep 2023 22:25:54 data_preprocess_all.py[line:134] DEBUG ##### CORRUPTED SMILES FILTERING process:12 #####
Sat, 02 Sep 2023 22:25:54 data_preprocess_all.py[line:134] DEBUG ##### LONG SMILES FILTERING DONE process:5 #####
Sat, 02 Sep 2023 22:25:54 data_preprocess_all.py[line:134] DEBUG ##### CORRUPTED SMILES FILTERING process:5 #####
Sat, 02 Sep 2023 22:25:54 data_preprocess_all.py[line:134] DEBUG ##### LONG SMILES FILTERING DONE process:16 #####
Sat, 02 Sep 2023 22:25:54 data_preprocess_all.py[line:134] DEBUG ##### CORRUPTED SMILES FILTERING process:16 #####
Sat, 02 Sep 2023 22:25:54 data_preprocess_all.py[line:134] DEBUG ##### LONG SMILES FILTERING DONE process:20 #####
Sat, 02 Sep 2023 22:25:54 data_preprocess_all.py[line:134] DEBUG ##### CORRUPTED SMILES FILTERING process:20 #####
Sat, 02 Sep 2023 22:25:54 data_preprocess_all.py[line:134] DEBUG ##### LONG SMILES FILTERING DONE process:18 #####
Sat, 02 Sep 2023 22:25:54 data_preprocess_all.py[line:134] DEBUG ##### CORRUPTED SMILES FILTERING process:18 #####
Sat, 02 Sep 2023 22:25:54 data_preprocess_all.py[line:134] DEBUG ##### LONG SMILES FILTERING DONE process:29 #####
Sat, 02 Sep 2023 22:25:54 data_preprocess_all.py[line:134] DEBUG ##### CORRUPTED SMILES FILTERING process:29 #####
Sat, 02 Sep 2023 22:25:54 data_preprocess_all.py[line:134] DEBUG ##### LONG SMILES FILTERING DONE process:30 #####
Sat, 02 Sep 2023 22:25:54 data_preprocess_all.py[line:134] DEBUG ##### CORRUPTED SMILES FILTERING process:30 #####
Sat, 02 Sep 2023 22:25:54 data_preprocess_all.py[line:134] DEBUG ##### LONG SMILES FILTERING DONE process:25 #####
Sat, 02 Sep 2023 22:25:54 data_preprocess_all.py[line:134] DEBUG ##### CORRUPTED SMILES FILTERING process:25 #####
Sat, 02 Sep 2023 22:25:54 data_preprocess_all.py[line:134] DEBUG ##### DEDUPLICATION process:14 #####
Sat, 02 Sep 2023 22:25:54 data_preprocess_all.py[line:134] DEBUG ##### DEDUPLICATION process:2 #####
Sat, 02 Sep 2023 22:25:54 data_preprocess_all.py[line:134] DEBUG ##### DEDUPLICATION DONE process:14 #####
Sat, 02 Sep 2023 22:25:54 data_preprocess_all.py[line:134] DEBUG ##### LONG SMILES FILTERING process:14 #####
Sat, 02 Sep 2023 22:25:54 data_preprocess_all.py[line:134] DEBUG ##### DEDUPLICATION DONE process:2 #####
Sat, 02 Sep 2023 22:25:54 data_preprocess_all.py[line:134] DEBUG ##### LONG SMILES FILTERING process:2 #####
Sat, 02 Sep 2023 22:25:54 data_preprocess_all.py[line:134] DEBUG ##### LONG SMILES FILTERING DONE process:14 #####
Sat, 02 Sep 2023 22:25:54 data_preprocess_all.py[line:134] DEBUG ##### CORRUPTED SMILES FILTERING process:14 #####
Sat, 02 Sep 2023 22:25:54 data_preprocess_all.py[line:134] DEBUG ##### LONG SMILES FILTERING DONE process:2 #####
Sat, 02 Sep 2023 22:25:54 data_preprocess_all.py[line:134] DEBUG ##### CORRUPTED SMILES FILTERING process:2 #####
Sat, 02 Sep 2023 22:25:54 data_preprocess_all.py[line:134] DEBUG ##### DESTEREOCHEMICALIZATION DONE process:26 #####
Sat, 02 Sep 2023 22:25:54 data_preprocess_all.py[line:134] INFO ##### removed succesfully: ../datasets/tmp/30M_rassp/30M_rassp_chunk26_after_phase1.smi #####
Sat, 02 Sep 2023 22:25:54 data_preprocess_all.py[line:134] INFO ##### PHASE 3 process:26 #####
Sat, 02 Sep 2023 22:25:54 data_preprocess_all.py[line:134] DEBUG ##### LOADING DESTEREO SMILES process:26 #####
Sat, 02 Sep 2023 22:25:55 data_preprocess_all.py[line:134] DEBUG ##### DEDUPLICATION process:26 #####
Sat, 02 Sep 2023 22:25:55 data_preprocess_all.py[line:134] DEBUG ##### DEDUPLICATION DONE process:26 #####
Sat, 02 Sep 2023 22:25:55 data_preprocess_all.py[line:134] DEBUG ##### LONG SMILES FILTERING process:26 #####
Sat, 02 Sep 2023 22:25:55 data_preprocess_all.py[line:134] DEBUG ##### LONG SMILES FILTERING DONE process:26 #####
Sat, 02 Sep 2023 22:25:55 data_preprocess_all.py[line:134] DEBUG ##### CORRUPTED SMILES FILTERING process:26 #####
Sat, 02 Sep 2023 22:26:12 data_preprocess_all.py[line:134] DEBUG ##### SAVING SDF process:13 #####
Sat, 02 Sep 2023 22:26:12 data_preprocess_all.py[line:134] DEBUG ##### ADDING MOLECULE STRUCTURE process:13 #####
Sat, 02 Sep 2023 22:26:12 data_preprocess_all.py[line:134] DEBUG ##### SAVING SDF process:24 #####
Sat, 02 Sep 2023 22:26:12 data_preprocess_all.py[line:134] DEBUG ##### ADDING MOLECULE STRUCTURE process:24 #####
Sat, 02 Sep 2023 22:26:12 data_preprocess_all.py[line:134] DEBUG ##### SAVING SDF process:0 #####
Sat, 02 Sep 2023 22:26:12 data_preprocess_all.py[line:134] DEBUG ##### ADDING MOLECULE STRUCTURE process:0 #####
Sat, 02 Sep 2023 22:26:12 data_preprocess_all.py[line:134] DEBUG ##### SAVING SDF process:8 #####
Sat, 02 Sep 2023 22:26:12 data_preprocess_all.py[line:134] DEBUG ##### ADDING MOLECULE STRUCTURE process:8 #####
Sat, 02 Sep 2023 22:26:12 data_preprocess_all.py[line:134] DEBUG ##### SAVING SDF process:15 #####
Sat, 02 Sep 2023 22:26:12 data_preprocess_all.py[line:134] DEBUG ##### ADDING MOLECULE STRUCTURE process:15 #####
Sat, 02 Sep 2023 22:26:12 data_preprocess_all.py[line:134] DEBUG ##### SAVING SDF process:31 #####
Sat, 02 Sep 2023 22:26:12 data_preprocess_all.py[line:134] DEBUG ##### ADDING MOLECULE STRUCTURE process:31 #####
Sat, 02 Sep 2023 22:26:12 data_preprocess_all.py[line:134] DEBUG ##### SAVING SDF process:27 #####
Sat, 02 Sep 2023 22:26:12 data_preprocess_all.py[line:134] DEBUG ##### ADDING MOLECULE STRUCTURE process:27 #####
Sat, 02 Sep 2023 22:26:12 data_preprocess_all.py[line:134] DEBUG ##### SAVING SDF process:19 #####
Sat, 02 Sep 2023 22:26:12 data_preprocess_all.py[line:134] DEBUG ##### ADDING MOLECULE STRUCTURE process:19 #####
Sat, 02 Sep 2023 22:26:12 data_preprocess_all.py[line:134] DEBUG ##### SAVING SDF process:3 #####
Sat, 02 Sep 2023 22:26:12 data_preprocess_all.py[line:134] DEBUG ##### ADDING MOLECULE STRUCTURE process:3 #####
Sat, 02 Sep 2023 22:26:12 data_preprocess_all.py[line:134] DEBUG ##### SAVING SDF process:4 #####
Sat, 02 Sep 2023 22:26:12 data_preprocess_all.py[line:134] DEBUG ##### ADDING MOLECULE STRUCTURE process:4 #####
Sat, 02 Sep 2023 22:26:12 data_preprocess_all.py[line:134] DEBUG ##### SAVING SDF process:7 #####
Sat, 02 Sep 2023 22:26:12 data_preprocess_all.py[line:134] DEBUG ##### ADDING MOLECULE STRUCTURE process:7 #####
Sat, 02 Sep 2023 22:26:12 data_preprocess_all.py[line:134] DEBUG ##### SAVING SDF process:11 #####
Sat, 02 Sep 2023 22:26:12 data_preprocess_all.py[line:134] DEBUG ##### ADDING MOLECULE STRUCTURE process:11 #####
Sat, 02 Sep 2023 22:26:12 data_preprocess_all.py[line:134] DEBUG ##### SAVING SDF process:17 #####
Sat, 02 Sep 2023 22:26:12 data_preprocess_all.py[line:134] DEBUG ##### ADDING MOLECULE STRUCTURE process:17 #####
Sat, 02 Sep 2023 22:26:12 data_preprocess_all.py[line:134] DEBUG ##### SAVING SDF process:9 #####
Sat, 02 Sep 2023 22:26:12 data_preprocess_all.py[line:134] DEBUG ##### ADDING MOLECULE STRUCTURE process:9 #####
Sat, 02 Sep 2023 22:26:12 data_preprocess_all.py[line:134] DEBUG ##### SAVING SDF process:28 #####
Sat, 02 Sep 2023 22:26:12 data_preprocess_all.py[line:134] DEBUG ##### ADDING MOLECULE STRUCTURE process:28 #####
Sat, 02 Sep 2023 22:26:12 data_preprocess_all.py[line:134] DEBUG ##### SAVING SDF process:22 #####
Sat, 02 Sep 2023 22:26:12 data_preprocess_all.py[line:134] DEBUG ##### ADDING MOLECULE STRUCTURE process:22 #####
Sat, 02 Sep 2023 22:26:12 data_preprocess_all.py[line:134] DEBUG ##### SAVING SDF process:6 #####
Sat, 02 Sep 2023 22:26:12 data_preprocess_all.py[line:134] DEBUG ##### ADDING MOLECULE STRUCTURE process:6 #####
Sat, 02 Sep 2023 22:26:12 data_preprocess_all.py[line:134] DEBUG ##### SAVING SDF process:12 #####
Sat, 02 Sep 2023 22:26:12 data_preprocess_all.py[line:134] DEBUG ##### ADDING MOLECULE STRUCTURE process:12 #####
Sat, 02 Sep 2023 22:26:12 data_preprocess_all.py[line:134] DEBUG ##### SAVING SDF process:21 #####
Sat, 02 Sep 2023 22:26:12 data_preprocess_all.py[line:134] DEBUG ##### ADDING MOLECULE STRUCTURE process:21 #####
Sat, 02 Sep 2023 22:26:12 data_preprocess_all.py[line:134] DEBUG ##### SAVING SDF process:20 #####
Sat, 02 Sep 2023 22:26:12 data_preprocess_all.py[line:134] DEBUG ##### ADDING MOLECULE STRUCTURE process:20 #####
Sat, 02 Sep 2023 22:26:12 data_preprocess_all.py[line:134] DEBUG ##### SAVING SDF process:30 #####
Sat, 02 Sep 2023 22:26:12 data_preprocess_all.py[line:134] DEBUG ##### ADDING MOLECULE STRUCTURE process:30 #####
Sat, 02 Sep 2023 22:26:12 data_preprocess_all.py[line:134] DEBUG ##### SAVING SDF process:16 #####
Sat, 02 Sep 2023 22:26:12 data_preprocess_all.py[line:134] DEBUG ##### ADDING MOLECULE STRUCTURE process:16 #####
Sat, 02 Sep 2023 22:26:12 data_preprocess_all.py[line:134] DEBUG ##### SAVING SDF process:1 #####
Sat, 02 Sep 2023 22:26:12 data_preprocess_all.py[line:134] DEBUG ##### ADDING MOLECULE STRUCTURE process:1 #####
Sat, 02 Sep 2023 22:26:12 data_preprocess_all.py[line:134] DEBUG ##### SAVING SDF process:10 #####
Sat, 02 Sep 2023 22:26:12 data_preprocess_all.py[line:134] DEBUG ##### ADDING MOLECULE STRUCTURE process:10 #####
Sat, 02 Sep 2023 22:26:12 data_preprocess_all.py[line:134] DEBUG ##### SAVING SDF process:29 #####
Sat, 02 Sep 2023 22:26:12 data_preprocess_all.py[line:134] DEBUG ##### ADDING MOLECULE STRUCTURE process:29 #####
Sat, 02 Sep 2023 22:26:13 data_preprocess_all.py[line:134] DEBUG ##### SAVING SDF process:5 #####
Sat, 02 Sep 2023 22:26:13 data_preprocess_all.py[line:134] DEBUG ##### ADDING MOLECULE STRUCTURE process:5 #####
Sat, 02 Sep 2023 22:26:13 data_preprocess_all.py[line:134] DEBUG ##### SAVING SDF process:18 #####
Sat, 02 Sep 2023 22:26:13 data_preprocess_all.py[line:134] DEBUG ##### ADDING MOLECULE STRUCTURE process:18 #####
Sat, 02 Sep 2023 22:26:13 data_preprocess_all.py[line:134] DEBUG ##### SAVING SDF process:25 #####
Sat, 02 Sep 2023 22:26:13 data_preprocess_all.py[line:134] DEBUG ##### ADDING MOLECULE STRUCTURE process:25 #####
Sat, 02 Sep 2023 22:26:13 data_preprocess_all.py[line:134] DEBUG ##### SAVING SDF process:23 #####
Sat, 02 Sep 2023 22:26:13 data_preprocess_all.py[line:134] DEBUG ##### ADDING MOLECULE STRUCTURE process:23 #####
Sat, 02 Sep 2023 22:26:13 data_preprocess_all.py[line:134] DEBUG ##### SAVING SDF process:2 #####
Sat, 02 Sep 2023 22:26:13 data_preprocess_all.py[line:134] DEBUG ##### ADDING MOLECULE STRUCTURE process:2 #####
Sat, 02 Sep 2023 22:26:13 data_preprocess_all.py[line:134] DEBUG ##### SAVING SDF process:14 #####
Sat, 02 Sep 2023 22:26:13 data_preprocess_all.py[line:134] DEBUG ##### ADDING MOLECULE STRUCTURE process:14 #####
Sat, 02 Sep 2023 22:26:13 data_preprocess_all.py[line:134] DEBUG ##### SAVING SDF process:26 #####
Sat, 02 Sep 2023 22:26:13 data_preprocess_all.py[line:134] DEBUG ##### ADDING MOLECULE STRUCTURE process:26 #####
Sat, 02 Sep 2023 22:26:31 data_preprocess_all.py[line:134] DEBUG ##### EXPORTING TO SDF process:24 #####
Sat, 02 Sep 2023 22:26:31 data_preprocess_all.py[line:134] DEBUG ##### EXPORTING TO SDF process:13 #####
Sat, 02 Sep 2023 22:26:31 data_preprocess_all.py[line:134] DEBUG ##### EXPORTING TO SDF process:0 #####
Sat, 02 Sep 2023 22:26:31 data_preprocess_all.py[line:134] DEBUG ##### EXPORTING TO SDF process:8 #####
Sat, 02 Sep 2023 22:26:31 data_preprocess_all.py[line:134] DEBUG ##### EXPORTING TO SDF process:19 #####
Sat, 02 Sep 2023 22:26:31 data_preprocess_all.py[line:134] DEBUG ##### EXPORTING TO SDF process:27 #####
Sat, 02 Sep 2023 22:26:31 data_preprocess_all.py[line:134] DEBUG ##### EXPORTING TO SDF process:4 #####
Sat, 02 Sep 2023 22:26:31 data_preprocess_all.py[line:134] DEBUG ##### EXPORTING TO SDF process:3 #####
Sat, 02 Sep 2023 22:26:31 data_preprocess_all.py[line:134] DEBUG ##### EXPORTING TO SDF process:7 #####
Sat, 02 Sep 2023 22:26:31 data_preprocess_all.py[line:134] DEBUG ##### EXPORTING TO SDF process:28 #####
Sat, 02 Sep 2023 22:26:31 data_preprocess_all.py[line:134] DEBUG ##### EXPORTING TO SDF process:6 #####
Sat, 02 Sep 2023 22:26:31 data_preprocess_all.py[line:134] DEBUG ##### EXPORTING TO SDF process:12 #####
Sat, 02 Sep 2023 22:26:31 data_preprocess_all.py[line:134] DEBUG ##### EXPORTING TO SDF process:22 #####
Sat, 02 Sep 2023 22:26:32 data_preprocess_all.py[line:134] DEBUG ##### EXPORTING TO SDF process:11 #####
Sat, 02 Sep 2023 22:26:32 data_preprocess_all.py[line:134] DEBUG ##### EXPORTING TO SDF process:17 #####
Sat, 02 Sep 2023 22:26:32 data_preprocess_all.py[line:134] DEBUG ##### EXPORTING TO SDF process:21 #####
Sat, 02 Sep 2023 22:26:32 data_preprocess_all.py[line:134] DEBUG ##### EXPORTING TO SDF process:20 #####
Sat, 02 Sep 2023 22:26:32 data_preprocess_all.py[line:134] DEBUG ##### EXPORTING TO SDF process:16 #####
Sat, 02 Sep 2023 22:26:32 data_preprocess_all.py[line:134] DEBUG ##### EXPORTING TO SDF process:30 #####
Sat, 02 Sep 2023 22:26:32 data_preprocess_all.py[line:134] DEBUG ##### EXPORTING TO SDF process:1 #####
Sat, 02 Sep 2023 22:26:32 data_preprocess_all.py[line:134] DEBUG ##### EXPORTING TO SDF process:29 #####
Sat, 02 Sep 2023 22:26:32 data_preprocess_all.py[line:134] DEBUG ##### EXPORTING TO SDF process:25 #####
Sat, 02 Sep 2023 22:26:32 data_preprocess_all.py[line:134] DEBUG ##### EXPORTING TO SDF process:10 #####
Sat, 02 Sep 2023 22:26:32 data_preprocess_all.py[line:134] DEBUG ##### EXPORTING TO SDF process:5 #####
Sat, 02 Sep 2023 22:26:32 data_preprocess_all.py[line:134] DEBUG ##### EXPORTING TO SDF process:9 #####
Sat, 02 Sep 2023 22:26:32 data_preprocess_all.py[line:134] DEBUG ##### EXPORTING TO SDF process:31 #####
Sat, 02 Sep 2023 22:26:32 data_preprocess_all.py[line:134] DEBUG ##### EXPORTING TO SDF process:15 #####
Sat, 02 Sep 2023 22:26:32 data_preprocess_all.py[line:134] DEBUG ##### EXPORTING TO SDF process:2 #####
Sat, 02 Sep 2023 22:26:32 data_preprocess_all.py[line:134] DEBUG ##### EXPORTING TO SDF process:23 #####
Sat, 02 Sep 2023 22:26:32 data_preprocess_all.py[line:134] DEBUG ##### EXPORTING TO SDF process:14 #####
Sat, 02 Sep 2023 22:26:33 data_preprocess_all.py[line:134] DEBUG ##### EXPORTING TO SDF process:26 #####
Sat, 02 Sep 2023 22:26:33 data_preprocess_all.py[line:134] DEBUG ##### EXPORTING TO SDF process:18 #####
Sat, 02 Sep 2023 22:27:31 data_preprocess_all.py[line:134] DEBUG ##### SAVING SDF DONE process:13 #####
Sat, 02 Sep 2023 22:27:31 data_preprocess_all.py[line:134] INFO ##### len after PHASE3 process 13: 151553 #####
Sat, 02 Sep 2023 22:27:32 data_preprocess_all.py[line:134] DEBUG ##### SAVING SDF DONE process:24 #####
Sat, 02 Sep 2023 22:27:32 data_preprocess_all.py[line:134] INFO ##### len after PHASE3 process 24: 151553 #####
Sat, 02 Sep 2023 22:27:34 data_preprocess_all.py[line:134] INFO ##### removed succesfully: ../datasets/tmp/30M_rassp/30M_rassp_chunk13_after_phase2.smi #####
Sat, 02 Sep 2023 22:27:34 data_preprocess_all.py[line:134] DEBUG ##### SAVING SDF DONE process:8 #####
Sat, 02 Sep 2023 22:27:34 data_preprocess_all.py[line:134] DEBUG ##### SAVING SDF DONE process:0 #####
Sat, 02 Sep 2023 22:27:34 data_preprocess_all.py[line:134] INFO ##### PHASE 4 process:13 #####
Sat, 02 Sep 2023 22:27:34 data_preprocess_all.py[line:134] INFO ##### len after PHASE3 process 8: 151553 #####
Sat, 02 Sep 2023 22:27:34 data_preprocess_all.py[line:134] INFO ##### len after PHASE3 process 0: 151553 #####
Sat, 02 Sep 2023 22:27:35 data_preprocess_all.py[line:134] INFO ##### removed succesfully: ../datasets/tmp/30M_rassp/30M_rassp_chunk24_after_phase2.smi #####
Sat, 02 Sep 2023 22:27:35 data_preprocess_all.py[line:134] DEBUG ##### SPECTRA GENERATION process:13 #####
Sat, 02 Sep 2023 22:27:35 data_preprocess_all.py[line:134] INFO ##### PHASE 4 process:24 #####
Sat, 02 Sep 2023 22:27:35 data_preprocess_all.py[line:134] DEBUG ##### SPECTRA GENERATION process:24 #####
Sat, 02 Sep 2023 22:27:36 data_preprocess_all.py[line:134] INFO ##### removed succesfully: ../datasets/tmp/30M_rassp/30M_rassp_chunk8_after_phase2.smi #####
Sat, 02 Sep 2023 22:27:36 data_preprocess_all.py[line:134] INFO ##### PHASE 4 process:8 #####
Sat, 02 Sep 2023 22:27:37 data_preprocess_all.py[line:134] DEBUG ##### SPECTRA GENERATION process:8 #####
Sat, 02 Sep 2023 22:27:37 data_preprocess_all.py[line:134] INFO ##### removed succesfully: ../datasets/tmp/30M_rassp/30M_rassp_chunk0_after_phase2.smi #####
Sat, 02 Sep 2023 22:27:37 data_preprocess_all.py[line:134] INFO ##### PHASE 4 process:0 #####
Sat, 02 Sep 2023 22:27:38 data_preprocess_all.py[line:134] DEBUG ##### SPECTRA GENERATION process:0 #####
Sat, 02 Sep 2023 22:27:54 data_preprocess_all.py[line:134] DEBUG ##### SAVING SDF DONE process:2 #####
Sat, 02 Sep 2023 22:27:54 data_preprocess_all.py[line:134] INFO ##### len after PHASE3 process 2: 151553 #####
Sat, 02 Sep 2023 22:27:54 data_preprocess_all.py[line:134] DEBUG ##### SAVING SDF DONE process:19 #####
Sat, 02 Sep 2023 22:27:54 data_preprocess_all.py[line:134] INFO ##### len after PHASE3 process 19: 151553 #####
Sat, 02 Sep 2023 22:27:56 data_preprocess_all.py[line:134] INFO ##### removed succesfully: ../datasets/tmp/30M_rassp/30M_rassp_chunk2_after_phase2.smi #####
Sat, 02 Sep 2023 22:27:56 data_preprocess_all.py[line:134] INFO ##### PHASE 4 process:2 #####
Sat, 02 Sep 2023 22:27:56 data_preprocess_all.py[line:134] DEBUG ##### SPECTRA GENERATION process:2 #####
Sat, 02 Sep 2023 22:27:56 data_preprocess_all.py[line:134] INFO ##### removed succesfully: ../datasets/tmp/30M_rassp/30M_rassp_chunk19_after_phase2.smi #####
Sat, 02 Sep 2023 22:27:56 data_preprocess_all.py[line:134] INFO ##### PHASE 4 process:19 #####
Sat, 02 Sep 2023 22:27:56 data_preprocess_all.py[line:134] DEBUG ##### SPECTRA GENERATION process:19 #####
Sat, 02 Sep 2023 22:28:07 data_preprocess_all.py[line:134] DEBUG ##### SAVING SDF DONE process:27 #####
Sat, 02 Sep 2023 22:28:07 data_preprocess_all.py[line:134] INFO ##### len after PHASE3 process 27: 151553 #####
Sat, 02 Sep 2023 22:28:09 data_preprocess_all.py[line:134] INFO ##### removed succesfully: ../datasets/tmp/30M_rassp/30M_rassp_chunk27_after_phase2.smi #####
Sat, 02 Sep 2023 22:28:09 data_preprocess_all.py[line:134] DEBUG ##### SAVING SDF DONE process:7 #####
Sat, 02 Sep 2023 22:28:09 data_preprocess_all.py[line:134] INFO ##### PHASE 4 process:27 #####
Sat, 02 Sep 2023 22:28:09 data_preprocess_all.py[line:134] INFO ##### len after PHASE3 process 7: 151553 #####
Sat, 02 Sep 2023 22:28:09 data_preprocess_all.py[line:134] DEBUG ##### SPECTRA GENERATION process:27 #####
Sat, 02 Sep 2023 22:28:12 data_preprocess_all.py[line:134] INFO ##### removed succesfully: ../datasets/tmp/30M_rassp/30M_rassp_chunk7_after_phase2.smi #####
Sat, 02 Sep 2023 22:28:12 data_preprocess_all.py[line:134] DEBUG ##### SAVING SDF DONE process:4 #####
Sat, 02 Sep 2023 22:28:12 data_preprocess_all.py[line:134] INFO ##### PHASE 4 process:7 #####
Sat, 02 Sep 2023 22:28:12 data_preprocess_all.py[line:134] INFO ##### len after PHASE3 process 4: 151553 #####
Sat, 02 Sep 2023 22:28:13 data_preprocess_all.py[line:134] DEBUG ##### SPECTRA GENERATION process:7 #####
Sat, 02 Sep 2023 22:28:15 data_preprocess_all.py[line:134] INFO ##### removed succesfully: ../datasets/tmp/30M_rassp/30M_rassp_chunk4_after_phase2.smi #####
Sat, 02 Sep 2023 22:28:15 data_preprocess_all.py[line:134] INFO ##### PHASE 4 process:4 #####
Sat, 02 Sep 2023 22:28:15 data_preprocess_all.py[line:134] DEBUG ##### SPECTRA GENERATION process:4 #####
Sat, 02 Sep 2023 22:28:15 data_preprocess_all.py[line:134] DEBUG ##### SAVING SDF DONE process:3 #####
Sat, 02 Sep 2023 22:28:15 data_preprocess_all.py[line:134] INFO ##### len after PHASE3 process 3: 151553 #####
Sat, 02 Sep 2023 22:28:15 data_preprocess_all.py[line:134] DEBUG ##### SAVING SDF DONE process:28 #####
Sat, 02 Sep 2023 22:28:15 data_preprocess_all.py[line:134] INFO ##### len after PHASE3 process 28: 151552 #####
Sat, 02 Sep 2023 22:28:17 data_preprocess_all.py[line:134] INFO ##### removed succesfully: ../datasets/tmp/30M_rassp/30M_rassp_chunk3_after_phase2.smi #####
Sat, 02 Sep 2023 22:28:17 data_preprocess_all.py[line:134] DEBUG ##### SAVING SDF DONE process:12 #####
Sat, 02 Sep 2023 22:28:17 data_preprocess_all.py[line:134] INFO ##### PHASE 4 process:3 #####
Sat, 02 Sep 2023 22:28:17 data_preprocess_all.py[line:134] INFO ##### len after PHASE3 process 12: 151553 #####
Sat, 02 Sep 2023 22:28:17 data_preprocess_all.py[line:134] DEBUG ##### SPECTRA GENERATION process:3 #####
Sat, 02 Sep 2023 22:28:18 data_preprocess_all.py[line:134] INFO ##### removed succesfully: ../datasets/tmp/30M_rassp/30M_rassp_chunk28_after_phase2.smi #####
Sat, 02 Sep 2023 22:28:18 data_preprocess_all.py[line:134] INFO ##### PHASE 4 process:28 #####
Sat, 02 Sep 2023 22:28:18 data_preprocess_all.py[line:134] DEBUG ##### SAVING SDF DONE process:6 #####
Sat, 02 Sep 2023 22:28:18 data_preprocess_all.py[line:134] INFO ##### len after PHASE3 process 6: 151553 #####
Sat, 02 Sep 2023 22:28:18 data_preprocess_all.py[line:134] DEBUG ##### SPECTRA GENERATION process:28 #####
Sat, 02 Sep 2023 22:28:19 data_preprocess_all.py[line:134] DEBUG ##### SAVING SDF DONE process:23 #####
Sat, 02 Sep 2023 22:28:19 data_preprocess_all.py[line:134] INFO ##### removed succesfully: ../datasets/tmp/30M_rassp/30M_rassp_chunk12_after_phase2.smi #####
Sat, 02 Sep 2023 22:28:19 data_preprocess_all.py[line:134] INFO ##### PHASE 4 process:12 #####
Sat, 02 Sep 2023 22:28:19 data_preprocess_all.py[line:134] INFO ##### len after PHASE3 process 23: 151553 #####
Sat, 02 Sep 2023 22:28:20 data_preprocess_all.py[line:134] DEBUG ##### SAVING SDF DONE process:22 #####
Sat, 02 Sep 2023 22:28:20 data_preprocess_all.py[line:134] INFO ##### len after PHASE3 process 22: 151553 #####
Sat, 02 Sep 2023 22:28:20 data_preprocess_all.py[line:134] INFO ##### removed succesfully: ../datasets/tmp/30M_rassp/30M_rassp_chunk6_after_phase2.smi #####
Sat, 02 Sep 2023 22:28:20 data_preprocess_all.py[line:134] INFO ##### PHASE 4 process:6 #####
Sat, 02 Sep 2023 22:28:20 data_preprocess_all.py[line:134] DEBUG ##### SPECTRA GENERATION process:12 #####
Sat, 02 Sep 2023 22:28:20 data_preprocess_all.py[line:134] DEBUG ##### SAVING SDF DONE process:17 #####
Sat, 02 Sep 2023 22:28:20 data_preprocess_all.py[line:134] DEBUG ##### SPECTRA GENERATION process:6 #####
Sat, 02 Sep 2023 22:28:20 data_preprocess_all.py[line:134] INFO ##### len after PHASE3 process 17: 151553 #####
Sat, 02 Sep 2023 22:28:21 data_preprocess_all.py[line:134] DEBUG ##### SAVING SDF DONE process:11 #####
Sat, 02 Sep 2023 22:28:21 data_preprocess_all.py[line:134] INFO ##### len after PHASE3 process 11: 151553 #####
Sat, 02 Sep 2023 22:28:22 data_preprocess_all.py[line:134] INFO ##### removed succesfully: ../datasets/tmp/30M_rassp/30M_rassp_chunk22_after_phase2.smi #####
Sat, 02 Sep 2023 22:28:22 data_preprocess_all.py[line:134] DEBUG ##### SAVING SDF DONE process:21 #####
Sat, 02 Sep 2023 22:28:22 data_preprocess_all.py[line:134] INFO ##### PHASE 4 process:22 #####
Sat, 02 Sep 2023 22:28:22 data_preprocess_all.py[line:134] INFO ##### len after PHASE3 process 21: 151553 #####
Sat, 02 Sep 2023 22:28:22 data_preprocess_all.py[line:134] DEBUG ##### SPECTRA GENERATION process:22 #####
Sat, 02 Sep 2023 22:28:22 data_preprocess_all.py[line:134] INFO ##### removed succesfully: ../datasets/tmp/30M_rassp/30M_rassp_chunk23_after_phase2.smi #####
Sat, 02 Sep 2023 22:28:22 data_preprocess_all.py[line:134] INFO ##### PHASE 4 process:23 #####
Sat, 02 Sep 2023 22:28:22 data_preprocess_all.py[line:134] DEBUG ##### SAVING SDF DONE process:31 #####
Sat, 02 Sep 2023 22:28:22 data_preprocess_all.py[line:134] DEBUG ##### SAVING SDF DONE process:16 #####
Sat, 02 Sep 2023 22:28:23 data_preprocess_all.py[line:134] INFO ##### removed succesfully: ../datasets/tmp/30M_rassp/30M_rassp_chunk17_after_phase2.smi #####
Sat, 02 Sep 2023 22:28:23 data_preprocess_all.py[line:134] INFO ##### PHASE 4 process:17 #####
Sat, 02 Sep 2023 22:28:23 data_preprocess_all.py[line:134] INFO ##### removed succesfully: ../datasets/tmp/30M_rassp/30M_rassp_chunk11_after_phase2.smi #####
Sat, 02 Sep 2023 22:28:23 data_preprocess_all.py[line:134] INFO ##### PHASE 4 process:11 #####
Sat, 02 Sep 2023 22:28:23 data_preprocess_all.py[line:134] INFO ##### len after PHASE3 process 31: 151541 #####
Sat, 02 Sep 2023 22:28:23 data_preprocess_all.py[line:134] INFO ##### len after PHASE3 process 16: 151553 #####
Sat, 02 Sep 2023 22:28:23 data_preprocess_all.py[line:134] DEBUG ##### SAVING SDF DONE process:1 #####
Sat, 02 Sep 2023 22:28:23 data_preprocess_all.py[line:134] DEBUG ##### SAVING SDF DONE process:30 #####
Sat, 02 Sep 2023 22:28:23 data_preprocess_all.py[line:134] DEBUG ##### SPECTRA GENERATION process:17 #####
Sat, 02 Sep 2023 22:28:23 data_preprocess_all.py[line:134] DEBUG ##### SAVING SDF DONE process:20 #####
Sat, 02 Sep 2023 22:28:23 data_preprocess_all.py[line:134] DEBUG ##### SAVING SDF DONE process:29 #####
Sat, 02 Sep 2023 22:28:23 data_preprocess_all.py[line:134] DEBUG ##### SAVING SDF DONE process:26 #####
Sat, 02 Sep 2023 22:28:23 data_preprocess_all.py[line:134] INFO ##### len after PHASE3 process 26: 151553 #####
Sat, 02 Sep 2023 22:28:23 data_preprocess_all.py[line:134] DEBUG ##### SPECTRA GENERATION process:23 #####
Sat, 02 Sep 2023 22:28:23 data_preprocess_all.py[line:134] DEBUG ##### SAVING SDF DONE process:18 #####
Sat, 02 Sep 2023 22:28:23 data_preprocess_all.py[line:134] DEBUG ##### SPECTRA GENERATION process:11 #####
Sat, 02 Sep 2023 22:28:23 data_preprocess_all.py[line:134] INFO ##### len after PHASE3 process 1: 151553 #####
Sat, 02 Sep 2023 22:28:23 data_preprocess_all.py[line:134] DEBUG ##### SAVING SDF DONE process:14 #####
Sat, 02 Sep 2023 22:28:23 data_preprocess_all.py[line:134] INFO ##### len after PHASE3 process 14: 151553 #####
Sat, 02 Sep 2023 22:28:23 data_preprocess_all.py[line:134] INFO ##### len after PHASE3 process 20: 151553 #####
Sat, 02 Sep 2023 22:28:23 data_preprocess_all.py[line:134] INFO ##### len after PHASE3 process 29: 151553 #####
Sat, 02 Sep 2023 22:28:23 data_preprocess_all.py[line:134] INFO ##### len after PHASE3 process 18: 151553 #####
Sat, 02 Sep 2023 22:28:23 data_preprocess_all.py[line:134] INFO ##### len after PHASE3 process 30: 151553 #####
Sat, 02 Sep 2023 22:28:23 data_preprocess_all.py[line:134] INFO ##### removed succesfully: ../datasets/tmp/30M_rassp/30M_rassp_chunk21_after_phase2.smi #####
Sat, 02 Sep 2023 22:28:23 data_preprocess_all.py[line:134] INFO ##### PHASE 4 process:21 #####
Sat, 02 Sep 2023 22:28:23 data_preprocess_all.py[line:134] DEBUG ##### SPECTRA GENERATION process:21 #####
Sat, 02 Sep 2023 22:28:23 data_preprocess_all.py[line:134] DEBUG ##### SAVING SDF DONE process:5 #####
Sat, 02 Sep 2023 22:28:23 data_preprocess_all.py[line:134] INFO ##### len after PHASE3 process 5: 151553 #####
Sat, 02 Sep 2023 22:28:23 data_preprocess_all.py[line:134] DEBUG ##### SAVING SDF DONE process:25 #####
Sat, 02 Sep 2023 22:28:23 data_preprocess_all.py[line:134] INFO ##### len after PHASE3 process 25: 151553 #####
Sat, 02 Sep 2023 22:28:23 data_preprocess_all.py[line:134] DEBUG ##### SAVING SDF DONE process:9 #####
Sat, 02 Sep 2023 22:28:23 data_preprocess_all.py[line:134] INFO ##### len after PHASE3 process 9: 151553 #####
Sat, 02 Sep 2023 22:28:23 data_preprocess_all.py[line:134] DEBUG ##### SAVING SDF DONE process:10 #####
Sat, 02 Sep 2023 22:28:23 data_preprocess_all.py[line:134] INFO ##### len after PHASE3 process 10: 151553 #####
Sat, 02 Sep 2023 22:28:23 data_preprocess_all.py[line:134] DEBUG ##### SAVING SDF DONE process:15 #####
Sat, 02 Sep 2023 22:28:23 data_preprocess_all.py[line:134] INFO ##### len after PHASE3 process 15: 151553 #####
Sat, 02 Sep 2023 22:28:25 data_preprocess_all.py[line:134] INFO ##### removed succesfully: ../datasets/tmp/30M_rassp/30M_rassp_chunk14_after_phase2.smi #####
Sat, 02 Sep 2023 22:28:25 data_preprocess_all.py[line:134] INFO ##### PHASE 4 process:14 #####
Sat, 02 Sep 2023 22:28:25 data_preprocess_all.py[line:134] INFO ##### removed succesfully: ../datasets/tmp/30M_rassp/30M_rassp_chunk1_after_phase2.smi #####
Sat, 02 Sep 2023 22:28:25 data_preprocess_all.py[line:134] DEBUG ##### SPECTRA GENERATION process:14 #####
Sat, 02 Sep 2023 22:28:25 data_preprocess_all.py[line:134] INFO ##### PHASE 4 process:1 #####
Sat, 02 Sep 2023 22:28:25 data_preprocess_all.py[line:134] DEBUG ##### SPECTRA GENERATION process:1 #####
Sat, 02 Sep 2023 22:28:26 data_preprocess_all.py[line:134] INFO ##### removed succesfully: ../datasets/tmp/30M_rassp/30M_rassp_chunk31_after_phase2.smi #####
Sat, 02 Sep 2023 22:28:26 data_preprocess_all.py[line:134] INFO ##### PHASE 4 process:31 #####
Sat, 02 Sep 2023 22:28:26 data_preprocess_all.py[line:134] DEBUG ##### SPECTRA GENERATION process:31 #####
Sat, 02 Sep 2023 22:28:26 data_preprocess_all.py[line:134] INFO ##### removed succesfully: ../datasets/tmp/30M_rassp/30M_rassp_chunk26_after_phase2.smi #####
Sat, 02 Sep 2023 22:28:26 data_preprocess_all.py[line:134] INFO ##### PHASE 4 process:26 #####
Sat, 02 Sep 2023 22:28:26 data_preprocess_all.py[line:134] DEBUG ##### SPECTRA GENERATION process:26 #####
Sat, 02 Sep 2023 22:28:26 data_preprocess_all.py[line:134] INFO ##### removed succesfully: ../datasets/tmp/30M_rassp/30M_rassp_chunk15_after_phase2.smi #####
Sat, 02 Sep 2023 22:28:26 data_preprocess_all.py[line:134] INFO ##### PHASE 4 process:15 #####
Sat, 02 Sep 2023 22:28:26 data_preprocess_all.py[line:134] DEBUG ##### SPECTRA GENERATION process:15 #####
Sat, 02 Sep 2023 22:28:26 data_preprocess_all.py[line:134] INFO ##### removed succesfully: ../datasets/tmp/30M_rassp/30M_rassp_chunk25_after_phase2.smi #####
Sat, 02 Sep 2023 22:28:26 data_preprocess_all.py[line:134] INFO ##### PHASE 4 process:25 #####
Sat, 02 Sep 2023 22:28:26 data_preprocess_all.py[line:134] DEBUG ##### SPECTRA GENERATION process:25 #####
Sat, 02 Sep 2023 22:28:26 data_preprocess_all.py[line:134] INFO ##### removed succesfully: ../datasets/tmp/30M_rassp/30M_rassp_chunk29_after_phase2.smi #####
Sat, 02 Sep 2023 22:28:26 data_preprocess_all.py[line:134] INFO ##### PHASE 4 process:29 #####
Sat, 02 Sep 2023 22:28:26 data_preprocess_all.py[line:134] DEBUG ##### SPECTRA GENERATION process:29 #####
Sat, 02 Sep 2023 22:28:26 data_preprocess_all.py[line:134] INFO ##### removed succesfully: ../datasets/tmp/30M_rassp/30M_rassp_chunk10_after_phase2.smi #####
Sat, 02 Sep 2023 22:28:26 data_preprocess_all.py[line:134] INFO ##### PHASE 4 process:10 #####
Sat, 02 Sep 2023 22:28:26 data_preprocess_all.py[line:134] DEBUG ##### SPECTRA GENERATION process:10 #####
Sat, 02 Sep 2023 22:28:26 data_preprocess_all.py[line:134] INFO ##### removed succesfully: ../datasets/tmp/30M_rassp/30M_rassp_chunk20_after_phase2.smi #####
Sat, 02 Sep 2023 22:28:26 data_preprocess_all.py[line:134] INFO ##### PHASE 4 process:20 #####
Sat, 02 Sep 2023 22:28:26 data_preprocess_all.py[line:134] DEBUG ##### SPECTRA GENERATION process:20 #####
Sat, 02 Sep 2023 22:28:26 data_preprocess_all.py[line:134] INFO ##### removed succesfully: ../datasets/tmp/30M_rassp/30M_rassp_chunk18_after_phase2.smi #####
Sat, 02 Sep 2023 22:28:26 data_preprocess_all.py[line:134] INFO ##### PHASE 4 process:18 #####
Sat, 02 Sep 2023 22:28:26 data_preprocess_all.py[line:134] INFO ##### removed succesfully: ../datasets/tmp/30M_rassp/30M_rassp_chunk16_after_phase2.smi #####
Sat, 02 Sep 2023 22:28:26 data_preprocess_all.py[line:134] INFO ##### PHASE 4 process:16 #####
Sat, 02 Sep 2023 22:28:26 data_preprocess_all.py[line:134] DEBUG ##### SPECTRA GENERATION process:18 #####
Sat, 02 Sep 2023 22:28:26 data_preprocess_all.py[line:134] DEBUG ##### SPECTRA GENERATION process:16 #####
Sat, 02 Sep 2023 22:28:27 data_preprocess_all.py[line:134] INFO ##### removed succesfully: ../datasets/tmp/30M_rassp/30M_rassp_chunk5_after_phase2.smi #####
Sat, 02 Sep 2023 22:28:27 data_preprocess_all.py[line:134] INFO ##### PHASE 4 process:5 #####
Sat, 02 Sep 2023 22:28:27 data_preprocess_all.py[line:134] DEBUG ##### SPECTRA GENERATION process:5 #####
Sat, 02 Sep 2023 22:28:27 data_preprocess_all.py[line:134] INFO ##### removed succesfully: ../datasets/tmp/30M_rassp/30M_rassp_chunk9_after_phase2.smi #####
Sat, 02 Sep 2023 22:28:27 data_preprocess_all.py[line:134] INFO ##### PHASE 4 process:9 #####
Sat, 02 Sep 2023 22:28:27 data_preprocess_all.py[line:134] DEBUG ##### SPECTRA GENERATION process:9 #####
Sat, 02 Sep 2023 22:28:27 data_preprocess_all.py[line:134] INFO ##### removed succesfully: ../datasets/tmp/30M_rassp/30M_rassp_chunk30_after_phase2.smi #####
Sat, 02 Sep 2023 22:28:27 data_preprocess_all.py[line:134] INFO ##### PHASE 4 process:30 #####
Sat, 02 Sep 2023 22:28:27 data_preprocess_all.py[line:134] DEBUG ##### SPECTRA GENERATION process:30 #####
