Tue, 28 Mar 2023 16:18:44 data_preprocess_all.py[line:164] INFO READING CSV
Tue, 28 Mar 2023 16:18:44 data_preprocess_all.py[line:169] INFO READING DONE
Tue, 28 Mar 2023 16:18:44 data_preprocess_all.py[line:172] INFO SETTING MULTIPROCESSING with 4 workers
Tue, 28 Mar 2023 16:18:44 data_preprocess_all.py[line:188] INFO RUNNING
Tue, 28 Mar 2023 16:18:44 data_preprocess_all.py[line:132] INFO ##### PHASE 1 process:0 #####
Tue, 28 Mar 2023 16:18:44 data_preprocess_all.py[line:132] INFO ##### PHASE 1 process:1 #####
Tue, 28 Mar 2023 16:18:44 data_preprocess_all.py[line:132] INFO ##### PHASE 1 process:2 #####
Tue, 28 Mar 2023 16:18:44 data_preprocess_all.py[line:132] INFO ##### PHASE 1 process:3 #####
Tue, 28 Mar 2023 16:18:44 data_preprocess_all.py[line:132] INFO ##### PHASE 2 process:0 #####
Tue, 28 Mar 2023 16:18:44 data_preprocess_all.py[line:132] INFO ##### PHASE 2 process:3 #####
Tue, 28 Mar 2023 16:18:44 data_preprocess_all.py[line:132] INFO ##### PHASE 2 process:1 #####
Tue, 28 Mar 2023 16:18:44 data_preprocess_all.py[line:132] INFO ##### PHASE 2 process:2 #####
Tue, 28 Mar 2023 16:18:45 data_preprocess_all.py[line:132] INFO ##### PHASE 3 process:0 #####
Tue, 28 Mar 2023 16:18:45 data_preprocess_all.py[line:132] INFO ##### PHASE 3 process:3 #####
Tue, 28 Mar 2023 16:18:45 data_preprocess_all.py[line:132] INFO ##### PHASE 3 process:1 #####
Tue, 28 Mar 2023 16:18:45 data_preprocess_all.py[line:132] INFO ##### PHASE 3 process:2 #####
Tue, 28 Mar 2023 16:18:45 data_preprocess_all.py[line:132] INFO ##### PHASE 4 process:3 #####
Tue, 28 Mar 2023 16:18:45 data_preprocess_all.py[line:132] INFO ##### PHASE 4 process:1 #####
Tue, 28 Mar 2023 16:18:45 data_preprocess_all.py[line:132] INFO ##### PHASE 4 process:0 #####
Tue, 28 Mar 2023 16:18:45 data_preprocess_all.py[line:132] INFO ##### PHASE 4 process:2 #####
Tue, 28 Mar 2023 16:18:59 data_preprocess_all.py[line:132] INFO ##### PHASE 5 process:3 #####
Tue, 28 Mar 2023 16:18:59 data_preprocess_all.py[line:132] INFO ##### PHASE 5 process:2 #####
Tue, 28 Mar 2023 16:18:59 data_preprocess_all.py[line:132] INFO ##### PHASE 5 process:1 #####
Tue, 28 Mar 2023 16:18:59 data_preprocess_all.py[line:132] INFO ##### PHASE 5 process:0 #####
Tue, 28 Mar 2023 16:19:00 data_preprocess_all.py[line:132] INFO ##### PHASE 6 process:3 #####
Tue, 28 Mar 2023 16:19:00 data_preprocess_all.py[line:132] INFO ##### PHASE 6 process:1 #####
Tue, 28 Mar 2023 16:19:00 data_preprocess_all.py[line:132] INFO ##### PHASE 6 process:2 #####
Tue, 28 Mar 2023 16:19:00 data_preprocess_all.py[line:132] INFO ##### len after PHASE6: 183 #####
Tue, 28 Mar 2023 16:19:00 data_preprocess_all.py[line:132] INFO ##### PHASE 6 process:0 #####
Tue, 28 Mar 2023 16:19:00 data_preprocess_all.py[line:132] INFO ##### SPLITTING STATS process:{process_id}
################################################
train len: 165
test len: 9
valid len: 9
165 + 9 + 9 == 183 : the sum matches len of the df
################################################ #####
Tue, 28 Mar 2023 16:19:00 data_preprocess_all.py[line:132] INFO ##### len after PHASE6: 192 #####
Tue, 28 Mar 2023 16:19:00 data_preprocess_all.py[line:132] INFO ##### SPLITTING STATS process:{process_id}
################################################
train len: 173
test len: 10
valid len: 9
173 + 10 + 9 == 192 : the sum matches len of the df
################################################ #####
Tue, 28 Mar 2023 16:19:00 data_preprocess_all.py[line:132] INFO ##### len after PHASE6: 184 #####
Tue, 28 Mar 2023 16:19:00 data_preprocess_all.py[line:132] INFO ##### SPLITTING STATS process:{process_id}
################################################
train len: 166
test len: 9
valid len: 9
166 + 9 + 9 == 184 : the sum matches len of the df
################################################ #####
Tue, 28 Mar 2023 16:19:00 data_preprocess_all.py[line:132] INFO ##### len after PHASE6: 184 #####
Tue, 28 Mar 2023 16:19:00 data_preprocess_all.py[line:132] INFO ##### SPLITTING STATS process:{process_id}
################################################
train len: 166
test len: 9
valid len: 9
166 + 9 + 9 == 184 : the sum matches len of the df
################################################ #####
Tue, 28 Mar 2023 16:19:00 data_preprocess_all.py[line:205] INFO SAVING ALL
