Tue, 28 Mar 2023 18:11:35 data_preprocess_all.py[line:179] INFO CONFIG:
tmp_dir: ../datasets/tmp
log_dir: ../datasets/log
output_dir: ../datasets
phases_to_perform: [1, 2, 3, 4, 5, 6]
data_has_header: True
max_smiles_len: 100
max_mz: 499
max_peaks: 200
seq_len: 200
log_base: 1.7
spectra_generator: neims
train_split_ratio: 0.9
valid_split_ratio: 0.05
test_split_ratio: 0.05
tokenizer_path: /storage/brno2/home/ahajek/Spektro/MassGenie/tokenizer/bbpe_tokenizer/bart_bbpe_1K_tokenizer.model
neims_dir: /storage/brno2/home/ahajek/Spektro/NEIMS
neims_conda_env_name: NEIMSpy2
seed: 42

Tue, 28 Mar 2023 18:11:35 data_preprocess_all.py[line:183] INFO PARAMETERS:
dataset_id = 1K
smiles_path = {smiles_path}
num_workers = {num_workers}
config_file = {config_file}
Tue, 28 Mar 2023 18:11:35 data_preprocess_all.py[line:186] INFO READING CSV
Tue, 28 Mar 2023 18:11:35 data_preprocess_all.py[line:191] INFO READING DONE
Tue, 28 Mar 2023 18:11:35 data_preprocess_all.py[line:194] INFO SETTING MULTIPROCESSING with 1 workers
Tue, 28 Mar 2023 18:11:35 data_preprocess_all.py[line:211] INFO RUNNING
Tue, 28 Mar 2023 18:11:35 data_preprocess_all.py[line:132] INFO ##### PHASE 1 process:0 #####
Tue, 28 Mar 2023 18:11:35 data_preprocess_all.py[line:132] INFO ##### PHASE 2 process:0 #####
Tue, 28 Mar 2023 18:11:36 data_preprocess_all.py[line:132] INFO ##### PHASE 3 process:0 #####
Tue, 28 Mar 2023 18:11:36 data_preprocess_all.py[line:132] INFO ##### PHASE 4 process:0 #####
Tue, 28 Mar 2023 18:11:48 data_preprocess_all.py[line:132] INFO ##### PHASE 5 process:0 #####
Tue, 28 Mar 2023 18:11:49 data_preprocess_all.py[line:132] INFO ##### PHASE 6 process:0 #####
Tue, 28 Mar 2023 18:11:49 data_preprocess_all.py[line:132] INFO ##### len after PHASE6: 588 #####
Tue, 28 Mar 2023 18:11:49 data_preprocess_all.py[line:132] INFO ##### SPLITTING STATS process:{process_id}
################################################
train len: 529
test len: 30
valid len: 29
529 + 30 + 29 == 588 : the sum matches len of the df
################################################ #####
