Tue, 28 Mar 2023 18:58:07 data_preprocess_all.py[line:178] INFO CONFIG:
tmp_dir: ../datasets/tmp
log_dir: ../datasets/log
output_dir: ../datasets
phases_to_perform: [1, 2, 3, 4, 5, 6]
data_has_header: True
max_smiles_len: 100
max_mz: 499
max_peaks: 200
seq_len: 200
log_base: 1.7
spectra_generator: neims
train_split_ratio: 0.9
valid_split_ratio: 0.05
test_split_ratio: 0.05
tokenizer_path: /storage/brno2/home/ahajek/Spektro/MassGenie/tokenizer/bbpe_tokenizer/bart_bbpe_1K_tokenizer.model
neims_dir: /storage/brno2/home/ahajek/Spektro/NEIMS
seed: 42

Tue, 28 Mar 2023 18:58:07 data_preprocess_all.py[line:182] INFO PARAMETERS:
dataset_id = 1K
smiles_path = {smiles_path}
num_workers = {num_workers}
config_file = {config_file}
Tue, 28 Mar 2023 18:58:07 data_preprocess_all.py[line:185] INFO READING CSV
Tue, 28 Mar 2023 18:58:07 data_preprocess_all.py[line:190] INFO READING DONE
Tue, 28 Mar 2023 18:58:07 data_preprocess_all.py[line:193] INFO SETTING MULTIPROCESSING with 1 workers
Tue, 28 Mar 2023 18:58:07 data_preprocess_all.py[line:210] INFO RUNNING
Tue, 28 Mar 2023 18:58:07 data_preprocess_all.py[line:132] INFO ##### PHASE 1 process:0 #####
Tue, 28 Mar 2023 18:58:07 data_preprocess_all.py[line:132] INFO ##### PHASE 2 process:0 #####
